15:48:37.038 [main                     ] DEBUG GameApplication      - Logger initialized
15:48:37.060 [main                     ] DEBUG GameApplication      - Logging settings
Title: Flappy Bird Clone
Version: 1.0
Width: 1280
Height: 720
Fullscreen: false
Intro: false
Menus: false
Profiling: false
Single step:false
App Mode: DEVELOPER
Menu Key: ESCAPE
Stage Style: DECORATED
Scene Factory: class com.almasb.fxgl.app.scene.SceneFactory

15:48:37.507 [JavaFX Application Thread] DEBUG GameApplication      - Initializing FXGL
15:48:37.537 [JavaFX Application Thread] INFO  Engine               - FXGL-11.8 (08.03.2020 09.09) on LINUX (J:11.0.7 FX:13.0.2)
15:48:37.538 [JavaFX Application Thread] INFO  Engine               - Source code and latest versions at: https://github.com/AlmasB/FXGL
15:48:37.538 [JavaFX Application Thread] INFO  Engine               -              Join the FXGL chat at: https://gitter.im/AlmasB/FXGL
15:48:37.664 [JavaFX Application Thread] DEBUG MainWindow           - Creating a JavaFX scene
15:48:37.811 [JavaFX Application Thread] DEBUG MainWindow           - Target settings size: 1280.0 x 720.0
15:48:37.811 [JavaFX Application Thread] DEBUG MainWindow           - Scaled scene size:    1280.0 x 720.0
15:48:37.812 [JavaFX Application Thread] DEBUG MainWindow           - Scaled ratio: (1.0, 1.0)
15:48:37.813 [JavaFX Application Thread] DEBUG MainWindow           - Set initial scene to FXGLStartupScene
15:48:37.820 [JavaFX Application Thread] DEBUG MainWindow           - Opening main window
15:48:37.901 [JavaFX Application Thread] DEBUG MainWindow           - Window border size: (2.0, 29.0)
15:48:37.902 [JavaFX Application Thread] DEBUG MainWindow           - Scaled size: 1280.0 x 720.0
15:48:37.902 [JavaFX Application Thread] DEBUG MainWindow           - Scaled ratio: (1.0, 1.0)
15:48:37.903 [JavaFX Application Thread] DEBUG MainWindow           - Scene size: 1280.0 x 720.0
15:48:37.903 [JavaFX Application Thread] DEBUG MainWindow           - Stage size: 1282.0 x 749.0
15:48:37.914 [FXGL Background Thread 1 ] DEBUG Engine               - Initializing environment variables
15:48:38.007 [FXGL Background Thread 1 ] DEBUG WindowService        - Applying CSS: fxgl_dark.css
15:48:38.009 [FXGL Background Thread 1 ] DEBUG AssetLoaderService   - Loading from file system: /assets/ui/css/fxgl_dark.css
15:48:38.093 [FXGL Background Thread 1 ] DEBUG WindowService        - Initializing application scenes
15:48:38.197 [FXGL Background Thread 1 ] DEBUG GameWorld            - Game world initialized
15:48:38.270 [FXGL Background Thread 1 ] DEBUG PhysicsWorld         - Physics world initialized: appHeight=720, physics.ppm=50.0
15:48:38.282 [FXGL Background Thread 1 ] DEBUG GameScene            - Game scene initialized: 1280x720
15:48:38.295 [FXGL Background Thread 1 ] DEBUG Input                - Registered new binding: Resume - Esc
15:48:38.301 [FXGL Background Thread 1 ] DEBUG AssetLoaderService   - Loading from file system: /assets/textures/pause_menu_bg.png
15:48:38.356 [FXGL Background Thread 1 ] DEBUG Input                - Registered new binding: Pause - Esc
15:48:38.357 [FXGL Background Thread 1 ] DEBUG WindowService        - Application scenes initialized
15:48:38.368 [FXGL Background Thread 1 ] DEBUG SystemBundleService  - Loading FXGL system data
15:48:38.371 [FXGL Background Thread 1 ] DEBUG FileSystemAccess     - Reading from: /home/leo/Projects/capybaras/week-3/day-15/flappybird/system/fxgl.bundle
15:48:38.379 [FXGL Background Thread 1 ] DEBUG SystemBundleService  - Bundle FXGL: {}
15:48:38.379 [FXGL Background Thread 1 ] INFO  Engine               - FXGL initialization took: 0.461 sec
15:48:38.381 [FXGL Background Thread 1 ] DEBUG GameApplication      - Loading localizations
15:48:38.382 [FXGL Background Thread 1 ] DEBUG AssetLoaderService   - Loading from file system: /assets/properties/languages/english.properties
15:48:38.401 [FXGL Background Thread 1 ] DEBUG AssetLoaderService   - Loading from file system: /assets/properties/languages/french.properties
15:48:38.403 [FXGL Background Thread 1 ] DEBUG AssetLoaderService   - Loading from file system: /assets/properties/languages/german.properties
15:48:38.409 [FXGL Background Thread 1 ] DEBUG AssetLoaderService   - Loading from file system: /assets/properties/languages/hungarian.properties
15:48:38.411 [FXGL Background Thread 1 ] DEBUG AssetLoaderService   - Loading from file system: /assets/properties/languages/russian.properties
15:48:38.416 [FXGL Background Thread 1 ] DEBUG GameApplication      - Registering font factories with UI factory
15:48:38.416 [FXGL Background Thread 1 ] DEBUG AssetLoaderService   - Loading from file system: /assets/ui/fonts/VarelaRound-Regular.ttf
15:48:38.437 [FXGL Background Thread 1 ] DEBUG AssetLoaderService   - Loading from file system: /assets/ui/fonts/Abel-Regular.ttf
15:48:38.441 [FXGL Background Thread 1 ] DEBUG AssetLoaderService   - Loading from file system: /assets/ui/fonts/lucida_console.ttf
15:48:38.447 [FXGL Background Thread 1 ] DEBUG AssetLoaderService   - Loading from file system: /assets/ui/fonts/Courier-Prime.ttf
15:48:38.454 [JavaFX Application Thread] DEBUG Input                - Registered new binding: Jump - Space
15:48:38.455 [JavaFX Application Thread] DEBUG AssetLoaderService   - Loading from file system: /assets/textures/fxgl_icon.png
15:48:38.487 [JavaFX Application Thread] DEBUG AssetLoaderService   - Loading from file system: /assets/ui/cursors/fxgl_default.png
15:48:38.490 [JavaFX Application Thread] DEBUG Input                - Registered new binding: Screenshot - P
15:48:38.490 [JavaFX Application Thread] DEBUG Input                - Registered new binding: System info dump - CTRL+9
15:48:38.491 [JavaFX Application Thread] DEBUG Input                - Registered new binding: Restart - CTRL+R
15:48:38.492 [JavaFX Application Thread] DEBUG LoopRunner           - Starting loop
15:48:38.506 [JavaFX Application Thread] DEBUG FXGLStartupScene     - STARTUP
15:48:38.510 [JavaFX Application Thread] DEBUG WindowService        - Starting new game
15:48:38.513 [JavaFX Application Thread] DEBUG Input                - Clearing active input actions
15:48:38.538 [JavaFX Application Thread] DEBUG WindowService        - Removing overlay from FXGLStartupScene and adding to FXGLLoadingScene
15:48:38.539 [JavaFX Application Thread] DEBUG MainWindow           - FXGLStartupScene -> FXGLLoadingScene
15:48:38.539 [JavaFX Application Thread] DEBUG WindowService        - Clearing previous game
15:48:38.540 [JavaFX Application Thread] DEBUG GameScene            - Clearing game scene
15:48:38.540 [JavaFX Application Thread] DEBUG GameWorld            - Clearing game world
15:48:38.540 [JavaFX Application Thread] DEBUG PhysicsWorld         - Clearing physics world
15:48:38.542 [FXGL Background Thread 1 ] DEBUG GameApplication      - Initializing game
15:48:38.546 [FXGL Background Thread 1 ] DEBUG AssetLoaderService   - Loading from file system: /assets/music/bgm.mp3
15:48:38.821 [FXGL Background Thread 1 ] WARN  AssetLoaderService   - Failed to load music bgm.mp3 Error: MediaException: UNKNOWN : com.sun.media.jfxmedia.MediaException: Could not create player! : com.sun.media.jfxmedia.MediaException: Could not create player!
15:48:38.825 [FXGL Background Thread 1 ] DEBUG AudioPlayer          - Playing music com.almasb.fxgl.audio.Music@36dfcae5
15:48:38.839 [FXGL Background Thread 1 ] DEBUG AssetLoaderService   - Loading from file system: /assets/textures/bird.png
15:48:38.869 [FXGL Background Thread 1 ] INFO  GameApplication      - Game initialization took: 0.326 sec
15:48:38.875 [JavaFX Application Thread] DEBUG Input                - Clearing active input actions
15:48:38.887 [JavaFX Application Thread] DEBUG WindowService        - Removing overlay from FXGLLoadingScene and adding to GameScene
15:48:38.888 [JavaFX Application Thread] DEBUG MainWindow           - FXGLLoadingScene -> GameScene
15:48:41.380 [FXGL Background Thread 2 ] DEBUG Engine               - Logging environment variables
15:48:41.380 [FXGL Background Thread 2 ] DEBUG Engine               - achievements: []
15:48:41.381 [FXGL Background Thread 2 ] DEBUG Engine               - language: ObjectProperty [value: ENGLISH]
15:48:41.381 [FXGL Background Thread 2 ] DEBUG Engine               - isCloseConfirmation: false
15:48:41.381 [FXGL Background Thread 2 ] DEBUG Engine               - isProfilingEnabled: false
15:48:41.381 [FXGL Background Thread 2 ] DEBUG Engine               - soundNotification: core/notification.wav
15:48:41.381 [FXGL Background Thread 2 ] DEBUG Engine               - devShowBBoxProperty: BooleanProperty [value: false]
15:48:41.382 [FXGL Background Thread 2 ] DEBUG Engine               - pixelsPerMeter: 50.0
15:48:41.382 [FXGL Background Thread 2 ] DEBUG Engine               - appIcon: fxgl_icon.png
15:48:41.382 [FXGL Background Thread 2 ] DEBUG Engine               - soundMenuBack: menu/back.wav
15:48:41.382 [FXGL Background Thread 2 ] DEBUG Engine               - isFullScreenAllowed: false
15:48:41.382 [FXGL Background Thread 2 ] DEBUG Engine               - isIntroEnabled: false
15:48:41.382 [FXGL Background Thread 2 ] DEBUG Engine               - fontMono: lucida_console.ttf
15:48:41.382 [FXGL Background Thread 2 ] DEBUG Engine               - soundMenuSelect: menu/select.wav
15:48:41.383 [FXGL Background Thread 2 ] DEBUG Engine               - isWindows: false
15:48:41.383 [FXGL Background Thread 2 ] DEBUG Engine               - isMobile: false
15:48:41.383 [FXGL Background Thread 2 ] DEBUG Engine               - isUserProfileEnabled: false
15:48:41.383 [FXGL Background Thread 2 ] DEBUG Engine               - height: 720
15:48:41.383 [FXGL Background Thread 2 ] DEBUG Engine               - isExperimentalNative: false
15:48:41.383 [FXGL Background Thread 2 ] DEBUG Engine               - settings: Title: Flappy Bird Clone
Version: 1.0
Width: 1280
Height: 720
Fullscreen: false
Intro: false
Menus: false
Profiling: false
Single step:false
App Mode: DEVELOPER
Menu Key: ESCAPE
Stage Style: DECORATED
Scene Factory: class com.almasb.fxgl.app.scene.SceneFactory

15:48:41.383 [FXGL Background Thread 2 ] DEBUG Engine               - isSingleStep: false
15:48:41.383 [FXGL Background Thread 2 ] DEBUG Engine               - cSSList: [fxgl_dark.css]
15:48:41.383 [FXGL Background Thread 2 ] DEBUG Engine               - fontGame: Abel-Regular.ttf
15:48:41.384 [FXGL Background Thread 2 ] DEBUG Engine               - menuKey: ESCAPE
15:48:41.384 [FXGL Background Thread 2 ] DEBUG Engine               - devShowPositionProperty: BooleanProperty [value: false]
15:48:41.384 [FXGL Background Thread 2 ] DEBUG Engine               - versionCheckDays: 7
15:48:41.384 [FXGL Background Thread 2 ] DEBUG Engine               - configClass: Optional.empty
15:48:41.384 [FXGL Background Thread 2 ] DEBUG Engine               - isFullScreenFromStart: false
15:48:41.384 [FXGL Background Thread 2 ] DEBUG Engine               - version: 1.0
15:48:41.384 [FXGL Background Thread 2 ] DEBUG Engine               - fullScreen: BooleanProperty [value: false]
15:48:41.384 [FXGL Background Thread 2 ] DEBUG Engine               - randomSeed: -1
15:48:41.384 [FXGL Background Thread 2 ] DEBUG Engine               - gameDifficultyProperty: ObjectProperty [value: MEDIUM]
15:48:41.384 [FXGL Background Thread 2 ] DEBUG Engine               - applicationMode: DEVELOPER
15:48:41.385 [FXGL Background Thread 2 ] DEBUG Engine               - isMac: false
15:48:41.385 [FXGL Background Thread 2 ] DEBUG Engine               - isMenuEnabled: false
15:48:41.385 [FXGL Background Thread 2 ] DEBUG Engine               - urlPOM: https://raw.githubusercontent.com/AlmasB/FXGL/master/pom.xml
15:48:41.385 [FXGL Background Thread 2 ] DEBUG Engine               - profileName: StringProperty [value: DEFAULT]
15:48:41.385 [FXGL Background Thread 2 ] DEBUG Engine               - notificationViewClass: class com.almasb.fxgl.notification.view.XboxNotificationView
15:48:41.385 [FXGL Background Thread 2 ] DEBUG Engine               - devSensorColorProperty: ObjectProperty [value: 0xffff00ff]
15:48:41.385 [FXGL Background Thread 2 ] DEBUG Engine               - sceneFactory: com.almasb.fxgl.app.scene.SceneFactory@41f0bb12
15:48:41.386 [FXGL Background Thread 2 ] DEBUG Engine               - stageStyle: DECORATED
15:48:41.386 [FXGL Background Thread 2 ] DEBUG Engine               - isManualResizeEnabled: false
15:48:41.386 [FXGL Background Thread 2 ] DEBUG Engine               - title: Flappy Bird Clone
15:48:41.386 [FXGL Background Thread 2 ] DEBUG Engine               - platform: LINUX
15:48:41.386 [FXGL Background Thread 2 ] DEBUG Engine               - devBBoxColorProperty: ObjectProperty [value: 0xff0000ff]
15:48:41.386 [FXGL Background Thread 2 ] DEBUG Engine               - gameDifficulty: MEDIUM
15:48:41.386 [FXGL Background Thread 2 ] DEBUG Engine               - isDesktop: true
15:48:41.386 [FXGL Background Thread 2 ] DEBUG Engine               - supportedLanguages: [ENGLISH, FRENCH, GERMAN, HUNGARIAN, RUSSIAN]
15:48:41.386 [FXGL Background Thread 2 ] DEBUG Engine               - credits: []
15:48:41.386 [FXGL Background Thread 2 ] DEBUG Engine               - globalMusicVolumeProperty: DoubleProperty [value: 0.5]
15:48:41.386 [FXGL Background Thread 2 ] DEBUG Engine               - isPreserveResizeRatio: false
15:48:41.386 [FXGL Background Thread 2 ] DEBUG Engine               - fontText: Courier-Prime.ttf
15:48:41.386 [FXGL Background Thread 2 ] DEBUG Engine               - isExperimentalTiledLargeMap: false
15:48:41.386 [FXGL Background Thread 2 ] DEBUG Engine               - secondsIn24h: 60
15:48:41.394 [FXGL Background Thread 2 ] DEBUG Engine               - runtimeInfo: RuntimeInfo(platform=LINUX, version=11.8, build=08.03.2020 09.09)
15:48:41.394 [FXGL Background Thread 2 ] DEBUG Engine               - isLinux: true
15:48:41.394 [FXGL Background Thread 2 ] DEBUG Engine               - soundMenuPress: menu/press.wav
15:48:41.394 [FXGL Background Thread 2 ] DEBUG Engine               - urlGithub: https://github.com/AlmasB/FXGL
15:48:41.394 [FXGL Background Thread 2 ] DEBUG Engine               - profileDir: profiles/
15:48:41.394 [FXGL Background Thread 2 ] DEBUG Engine               - isDeveloperMenuEnabled: false
15:48:41.394 [FXGL Background Thread 2 ] DEBUG Engine               - globalSoundVolumeProperty: DoubleProperty [value: 0.5]
15:48:41.394 [FXGL Background Thread 2 ] DEBUG Engine               - mainWindow: com.almasb.fxgl.app.MainWindow@45cf27f4
15:48:41.394 [FXGL Background Thread 2 ] DEBUG Engine               - isBrowser: false
15:48:41.395 [FXGL Background Thread 2 ] DEBUG Engine               - globalSoundVolume: 0.5
15:48:41.395 [FXGL Background Thread 2 ] DEBUG Engine               - urlLeaderboard: http://fxgl-top.herokuapp.com/
15:48:41.395 [FXGL Background Thread 2 ] DEBUG Engine               - engineServices: [class com.almasb.fxgl.app.GameApplication$GameApplicationService, class com.almasb.fxgl.app.services.WindowService, class com.almasb.fxgl.app.services.FXGLDialogService, class com.almasb.fxgl.app.services.IOTaskExecutorService, class com.almasb.fxgl.event.EventBusService, class com.almasb.fxgl.io.FileSystemService, class com.almasb.fxgl.localization.LocalizationService, class com.almasb.fxgl.app.services.AssetLoaderService, class com.almasb.fxgl.app.services.SystemBundleService, class com.almasb.fxgl.profile.SaveLoadService, class com.almasb.fxgl.ui.FXGLUIFactoryServiceProvider, class com.almasb.fxgl.ui.FXGLDialogFactoryServiceProvider, class com.almasb.fxgl.audio.AudioPlayer, class com.almasb.fxgl.notification.impl.NotificationServiceProvider, class com.almasb.fxgl.achievement.AchievementService, class com.almasb.fxgl.cutscene.CutsceneService, class com.almasb.fxgl.minigames.MiniGameService, class com.almasb.fxgl.net.NetService, class com.almasb.fxgl.app.services.UpdaterService]
15:48:41.395 [FXGL Background Thread 2 ] DEBUG Engine               - globalMusicVolume: 0.5
15:48:41.395 [FXGL Background Thread 2 ] DEBUG Engine               - width: 1280
15:48:41.395 [FXGL Background Thread 2 ] DEBUG Engine               - saveFileExt: sav
15:48:41.395 [FXGL Background Thread 2 ] DEBUG Engine               - isAndroid: false
15:48:41.397 [FXGL Background Thread 2 ] DEBUG Engine               - fontUI: VarelaRound-Regular.ttf
15:48:41.397 [FXGL Background Thread 2 ] DEBUG Engine               - enabledMenuItems: []
15:48:41.397 [FXGL Background Thread 2 ] DEBUG Engine               - isIOS: false
15:48:41.397 [FXGL Background Thread 2 ] DEBUG Engine               - Logging services
15:48:41.397 [FXGL Background Thread 2 ] DEBUG Engine               - class com.almasb.fxgl.app.GameApplication$GameApplicationService
15:48:41.397 [FXGL Background Thread 2 ] DEBUG Engine               - class com.almasb.fxgl.app.services.WindowService
15:48:41.397 [FXGL Background Thread 2 ] DEBUG Engine               - class com.almasb.fxgl.app.services.FXGLDialogService
15:48:41.397 [FXGL Background Thread 2 ] DEBUG Engine               - class com.almasb.fxgl.app.services.IOTaskExecutorService
15:48:41.398 [FXGL Background Thread 2 ] DEBUG Engine               - class com.almasb.fxgl.event.EventBusService
15:48:41.398 [FXGL Background Thread 2 ] DEBUG Engine               - class com.almasb.fxgl.io.FileSystemService
15:48:41.398 [FXGL Background Thread 2 ] DEBUG Engine               - class com.almasb.fxgl.localization.LocalizationService
15:48:41.398 [FXGL Background Thread 2 ] DEBUG Engine               - class com.almasb.fxgl.app.services.AssetLoaderService
15:48:41.398 [FXGL Background Thread 2 ] DEBUG Engine               - class com.almasb.fxgl.app.services.SystemBundleService
15:48:41.398 [FXGL Background Thread 2 ] DEBUG Engine               - class com.almasb.fxgl.profile.SaveLoadService
15:48:41.398 [FXGL Background Thread 2 ] DEBUG Engine               - class com.almasb.fxgl.ui.FXGLUIFactoryServiceProvider
15:48:41.398 [FXGL Background Thread 2 ] DEBUG Engine               - class com.almasb.fxgl.ui.FXGLDialogFactoryServiceProvider
15:48:41.398 [FXGL Background Thread 2 ] DEBUG Engine               - class com.almasb.fxgl.audio.AudioPlayer
15:48:41.398 [FXGL Background Thread 2 ] DEBUG Engine               - class com.almasb.fxgl.notification.impl.NotificationServiceProvider
15:48:41.398 [FXGL Background Thread 2 ] DEBUG Engine               - class com.almasb.fxgl.achievement.AchievementService
15:48:41.398 [FXGL Background Thread 2 ] DEBUG Engine               - class com.almasb.fxgl.cutscene.CutsceneService
15:48:41.398 [FXGL Background Thread 2 ] DEBUG Engine               - class com.almasb.fxgl.minigames.MiniGameService
15:48:41.398 [FXGL Background Thread 2 ] DEBUG Engine               - class com.almasb.fxgl.net.NetService
15:48:41.398 [FXGL Background Thread 2 ] DEBUG Engine               - class com.almasb.fxgl.app.services.UpdaterService
15:48:44.512 [JavaFX Application Thread] DEBUG GameApplication      - Exiting FXGL
15:48:44.512 [JavaFX Application Thread] DEBUG LoopRunner           - Stopping loop
15:48:44.512 [JavaFX Application Thread] DEBUG SystemBundleService  - Saving FXGL system data
15:48:44.514 [JavaFX Application Thread] DEBUG FileSystemAccess     - Writing to: /home/leo/Projects/capybaras/week-3/day-15/flappybird/system/fxgl.bundle
15:48:44.515 [JavaFX Application Thread] DEBUG GameApplication      - Shutting down background threads
15:48:44.516 [JavaFX Application Thread] DEBUG GameApplication      - Closing logger and exiting JavaFX
