16:01:03.779 [main                     ] DEBUG GameApplication      - Logger initialized
16:01:03.803 [main                     ] DEBUG GameApplication      - Logging settings
Title: Flappy Bird Clone
Version: 1.0
Width: 1280
Height: 720
Fullscreen: false
Intro: false
Menus: false
Profiling: false
Single step:false
App Mode: DEVELOPER
Menu Key: ESCAPE
Stage Style: DECORATED
Scene Factory: class com.almasb.fxgl.app.scene.SceneFactory

16:01:04.200 [JavaFX Application Thread] DEBUG GameApplication      - Initializing FXGL
16:01:04.211 [JavaFX Application Thread] INFO  Engine               - FXGL-11.8 (08.03.2020 09.09) on LINUX (J:11.0.7 FX:13.0.2)
16:01:04.212 [JavaFX Application Thread] INFO  Engine               - Source code and latest versions at: https://github.com/AlmasB/FXGL
16:01:04.212 [JavaFX Application Thread] INFO  Engine               -              Join the FXGL chat at: https://gitter.im/AlmasB/FXGL
16:01:04.344 [JavaFX Application Thread] DEBUG MainWindow           - Creating a JavaFX scene
16:01:04.461 [JavaFX Application Thread] DEBUG MainWindow           - Target settings size: 1280.0 x 720.0
16:01:04.462 [JavaFX Application Thread] DEBUG MainWindow           - Scaled scene size:    1280.0 x 720.0
16:01:04.462 [JavaFX Application Thread] DEBUG MainWindow           - Scaled ratio: (1.0, 1.0)
16:01:04.464 [JavaFX Application Thread] DEBUG MainWindow           - Set initial scene to FXGLStartupScene
16:01:04.471 [JavaFX Application Thread] DEBUG MainWindow           - Opening main window
16:01:04.525 [JavaFX Application Thread] DEBUG MainWindow           - Window border size: (2.0, 29.0)
16:01:04.526 [JavaFX Application Thread] DEBUG MainWindow           - Scaled size: 1280.0 x 720.0
16:01:04.526 [JavaFX Application Thread] DEBUG MainWindow           - Scaled ratio: (1.0, 1.0)
16:01:04.526 [JavaFX Application Thread] DEBUG MainWindow           - Scene size: 1280.0 x 720.0
16:01:04.526 [JavaFX Application Thread] DEBUG MainWindow           - Stage size: 1282.0 x 749.0
16:01:04.534 [FXGL Background Thread 1 ] DEBUG Engine               - Initializing environment variables
16:01:04.587 [FXGL Background Thread 1 ] DEBUG WindowService        - Applying CSS: fxgl_dark.css
16:01:04.588 [FXGL Background Thread 1 ] DEBUG AssetLoaderService   - Loading from file system: /assets/ui/css/fxgl_dark.css
16:01:04.654 [FXGL Background Thread 1 ] DEBUG WindowService        - Initializing application scenes
16:01:04.730 [FXGL Background Thread 1 ] DEBUG GameWorld            - Game world initialized
16:01:04.768 [FXGL Background Thread 1 ] DEBUG PhysicsWorld         - Physics world initialized: appHeight=720, physics.ppm=50.0
16:01:04.773 [FXGL Background Thread 1 ] DEBUG GameScene            - Game scene initialized: 1280x720
16:01:04.783 [FXGL Background Thread 1 ] DEBUG Input                - Registered new binding: Resume - Esc
16:01:04.788 [FXGL Background Thread 1 ] DEBUG AssetLoaderService   - Loading from file system: /assets/textures/pause_menu_bg.png
16:01:04.840 [FXGL Background Thread 1 ] DEBUG Input                - Registered new binding: Pause - Esc
16:01:04.840 [FXGL Background Thread 1 ] DEBUG WindowService        - Application scenes initialized
16:01:04.851 [FXGL Background Thread 1 ] DEBUG SystemBundleService  - Loading FXGL system data
16:01:04.854 [FXGL Background Thread 1 ] DEBUG FileSystemAccess     - Reading from: /home/leo/Projects/capybaras/week-3/day-15/flappybird/system/fxgl.bundle
16:01:04.861 [FXGL Background Thread 1 ] DEBUG SystemBundleService  - Bundle FXGL: {}
16:01:04.862 [FXGL Background Thread 1 ] INFO  Engine               - FXGL initialization took: 0.324 sec
16:01:04.863 [FXGL Background Thread 1 ] DEBUG GameApplication      - Loading localizations
16:01:04.864 [FXGL Background Thread 1 ] DEBUG AssetLoaderService   - Loading from file system: /assets/properties/languages/english.properties
16:01:04.866 [FXGL Background Thread 1 ] DEBUG AssetLoaderService   - Loading from file system: /assets/properties/languages/french.properties
16:01:04.868 [FXGL Background Thread 1 ] DEBUG AssetLoaderService   - Loading from file system: /assets/properties/languages/german.properties
16:01:04.869 [FXGL Background Thread 1 ] DEBUG AssetLoaderService   - Loading from file system: /assets/properties/languages/hungarian.properties
16:01:04.871 [FXGL Background Thread 1 ] DEBUG AssetLoaderService   - Loading from file system: /assets/properties/languages/russian.properties
16:01:04.873 [FXGL Background Thread 1 ] DEBUG GameApplication      - Registering font factories with UI factory
16:01:04.874 [FXGL Background Thread 1 ] DEBUG AssetLoaderService   - Loading from file system: /assets/ui/fonts/VarelaRound-Regular.ttf
16:01:04.883 [FXGL Background Thread 1 ] DEBUG AssetLoaderService   - Loading from file system: /assets/ui/fonts/Abel-Regular.ttf
16:01:04.891 [FXGL Background Thread 1 ] DEBUG AssetLoaderService   - Loading from file system: /assets/ui/fonts/lucida_console.ttf
16:01:04.895 [FXGL Background Thread 1 ] DEBUG AssetLoaderService   - Loading from file system: /assets/ui/fonts/Courier-Prime.ttf
16:01:04.900 [JavaFX Application Thread] DEBUG Input                - Registered new binding: Jump - Space
16:01:04.900 [JavaFX Application Thread] DEBUG AssetLoaderService   - Loading from file system: /assets/textures/fxgl_icon.png
16:01:04.948 [JavaFX Application Thread] DEBUG AssetLoaderService   - Loading from file system: /assets/ui/cursors/fxgl_default.png
16:01:04.952 [JavaFX Application Thread] DEBUG Input                - Registered new binding: Screenshot - P
16:01:04.952 [JavaFX Application Thread] DEBUG Input                - Registered new binding: System info dump - CTRL+9
16:01:04.953 [JavaFX Application Thread] DEBUG Input                - Registered new binding: Restart - CTRL+R
16:01:04.956 [JavaFX Application Thread] DEBUG LoopRunner           - Starting loop
16:01:04.984 [JavaFX Application Thread] DEBUG FXGLStartupScene     - STARTUP
16:01:04.991 [JavaFX Application Thread] DEBUG WindowService        - Starting new game
16:01:04.993 [JavaFX Application Thread] DEBUG Input                - Clearing active input actions
16:01:05.021 [JavaFX Application Thread] DEBUG WindowService        - Removing overlay from FXGLStartupScene and adding to FXGLLoadingScene
16:01:05.024 [JavaFX Application Thread] DEBUG MainWindow           - FXGLStartupScene -> FXGLLoadingScene
16:01:05.024 [JavaFX Application Thread] DEBUG WindowService        - Clearing previous game
16:01:05.024 [JavaFX Application Thread] DEBUG GameScene            - Clearing game scene
16:01:05.024 [JavaFX Application Thread] DEBUG GameWorld            - Clearing game world
16:01:05.024 [JavaFX Application Thread] DEBUG PhysicsWorld         - Clearing physics world
16:01:05.026 [FXGL Background Thread 1 ] DEBUG GameApplication      - Initializing game
16:01:05.030 [FXGL Background Thread 1 ] DEBUG AssetLoaderService   - Loading from file system: /assets/music/bgm.mp3
16:01:05.210 [FXGL Background Thread 1 ] WARN  AssetLoaderService   - Failed to load music bgm.mp3 Error: MediaException: UNKNOWN : com.sun.media.jfxmedia.MediaException: Could not create player! : com.sun.media.jfxmedia.MediaException: Could not create player!
16:01:05.212 [FXGL Background Thread 1 ] DEBUG AudioPlayer          - Playing music com.almasb.fxgl.audio.Music@55ac1d8
16:01:05.219 [FXGL Background Thread 1 ] DEBUG AssetLoaderService   - Loading from file system: /assets/textures/bird.png
16:01:05.239 [FXGL Background Thread 1 ] INFO  GameApplication      - Game initialization took: 0.212 sec
16:01:05.246 [JavaFX Application Thread] DEBUG Input                - Clearing active input actions
16:01:05.258 [JavaFX Application Thread] DEBUG WindowService        - Removing overlay from FXGLLoadingScene and adding to GameScene
16:01:05.259 [JavaFX Application Thread] DEBUG MainWindow           - FXGLLoadingScene -> GameScene
16:01:07.863 [FXGL Background Thread 2 ] DEBUG Engine               - Logging environment variables
16:01:07.863 [FXGL Background Thread 2 ] DEBUG Engine               - achievements: []
16:01:07.863 [FXGL Background Thread 2 ] DEBUG Engine               - language: ObjectProperty [value: ENGLISH]
16:01:07.863 [FXGL Background Thread 2 ] DEBUG Engine               - isCloseConfirmation: false
16:01:07.864 [FXGL Background Thread 2 ] DEBUG Engine               - isProfilingEnabled: false
16:01:07.864 [FXGL Background Thread 2 ] DEBUG Engine               - soundNotification: core/notification.wav
16:01:07.864 [FXGL Background Thread 2 ] DEBUG Engine               - devShowBBoxProperty: BooleanProperty [value: false]
16:01:07.864 [FXGL Background Thread 2 ] DEBUG Engine               - pixelsPerMeter: 50.0
16:01:07.864 [FXGL Background Thread 2 ] DEBUG Engine               - appIcon: fxgl_icon.png
16:01:07.864 [FXGL Background Thread 2 ] DEBUG Engine               - soundMenuBack: menu/back.wav
16:01:07.864 [FXGL Background Thread 2 ] DEBUG Engine               - isFullScreenAllowed: false
16:01:07.865 [FXGL Background Thread 2 ] DEBUG Engine               - isIntroEnabled: false
16:01:07.865 [FXGL Background Thread 2 ] DEBUG Engine               - fontMono: lucida_console.ttf
16:01:07.865 [FXGL Background Thread 2 ] DEBUG Engine               - soundMenuSelect: menu/select.wav
16:01:07.865 [FXGL Background Thread 2 ] DEBUG Engine               - isWindows: false
16:01:07.865 [FXGL Background Thread 2 ] DEBUG Engine               - isMobile: false
16:01:07.865 [FXGL Background Thread 2 ] DEBUG Engine               - isUserProfileEnabled: false
16:01:07.865 [FXGL Background Thread 2 ] DEBUG Engine               - height: 720
16:01:07.865 [FXGL Background Thread 2 ] DEBUG Engine               - isExperimentalNative: false
16:01:07.865 [FXGL Background Thread 2 ] DEBUG Engine               - settings: Title: Flappy Bird Clone
Version: 1.0
Width: 1280
Height: 720
Fullscreen: false
Intro: false
Menus: false
Profiling: false
Single step:false
App Mode: DEVELOPER
Menu Key: ESCAPE
Stage Style: DECORATED
Scene Factory: class com.almasb.fxgl.app.scene.SceneFactory

16:01:07.866 [FXGL Background Thread 2 ] DEBUG Engine               - isSingleStep: false
16:01:07.866 [FXGL Background Thread 2 ] DEBUG Engine               - cSSList: [fxgl_dark.css]
16:01:07.866 [FXGL Background Thread 2 ] DEBUG Engine               - fontGame: Abel-Regular.ttf
16:01:07.866 [FXGL Background Thread 2 ] DEBUG Engine               - menuKey: ESCAPE
16:01:07.866 [FXGL Background Thread 2 ] DEBUG Engine               - devShowPositionProperty: BooleanProperty [value: false]
16:01:07.866 [FXGL Background Thread 2 ] DEBUG Engine               - versionCheckDays: 7
16:01:07.866 [FXGL Background Thread 2 ] DEBUG Engine               - configClass: Optional.empty
16:01:07.866 [FXGL Background Thread 2 ] DEBUG Engine               - isFullScreenFromStart: false
16:01:07.866 [FXGL Background Thread 2 ] DEBUG Engine               - version: 1.0
16:01:07.866 [FXGL Background Thread 2 ] DEBUG Engine               - fullScreen: BooleanProperty [value: false]
16:01:07.866 [FXGL Background Thread 2 ] DEBUG Engine               - randomSeed: -1
16:01:07.866 [FXGL Background Thread 2 ] DEBUG Engine               - gameDifficultyProperty: ObjectProperty [value: MEDIUM]
16:01:07.866 [FXGL Background Thread 2 ] DEBUG Engine               - applicationMode: DEVELOPER
16:01:07.866 [FXGL Background Thread 2 ] DEBUG Engine               - isMac: false
16:01:07.867 [FXGL Background Thread 2 ] DEBUG Engine               - isMenuEnabled: false
16:01:07.867 [FXGL Background Thread 2 ] DEBUG Engine               - urlPOM: https://raw.githubusercontent.com/AlmasB/FXGL/master/pom.xml
16:01:07.867 [FXGL Background Thread 2 ] DEBUG Engine               - profileName: StringProperty [value: DEFAULT]
16:01:07.867 [FXGL Background Thread 2 ] DEBUG Engine               - notificationViewClass: class com.almasb.fxgl.notification.view.XboxNotificationView
16:01:07.867 [FXGL Background Thread 2 ] DEBUG Engine               - devSensorColorProperty: ObjectProperty [value: 0xffff00ff]
16:01:07.867 [FXGL Background Thread 2 ] DEBUG Engine               - sceneFactory: com.almasb.fxgl.app.scene.SceneFactory@56cae4bd
16:01:07.867 [FXGL Background Thread 2 ] DEBUG Engine               - stageStyle: DECORATED
16:01:07.867 [FXGL Background Thread 2 ] DEBUG Engine               - isManualResizeEnabled: false
16:01:07.867 [FXGL Background Thread 2 ] DEBUG Engine               - title: Flappy Bird Clone
16:01:07.867 [FXGL Background Thread 2 ] DEBUG Engine               - platform: LINUX
16:01:07.867 [FXGL Background Thread 2 ] DEBUG Engine               - devBBoxColorProperty: ObjectProperty [value: 0xff0000ff]
16:01:07.868 [FXGL Background Thread 2 ] DEBUG Engine               - gameDifficulty: MEDIUM
16:01:07.868 [FXGL Background Thread 2 ] DEBUG Engine               - isDesktop: true
16:01:07.868 [FXGL Background Thread 2 ] DEBUG Engine               - supportedLanguages: [ENGLISH, FRENCH, GERMAN, HUNGARIAN, RUSSIAN]
16:01:07.868 [FXGL Background Thread 2 ] DEBUG Engine               - credits: []
16:01:07.868 [FXGL Background Thread 2 ] DEBUG Engine               - globalMusicVolumeProperty: DoubleProperty [value: 0.5]
16:01:07.868 [FXGL Background Thread 2 ] DEBUG Engine               - isPreserveResizeRatio: false
16:01:07.868 [FXGL Background Thread 2 ] DEBUG Engine               - fontText: Courier-Prime.ttf
16:01:07.868 [FXGL Background Thread 2 ] DEBUG Engine               - isExperimentalTiledLargeMap: false
16:01:07.868 [FXGL Background Thread 2 ] DEBUG Engine               - secondsIn24h: 60
16:01:07.868 [FXGL Background Thread 2 ] DEBUG Engine               - runtimeInfo: RuntimeInfo(platform=LINUX, version=11.8, build=08.03.2020 09.09)
16:01:07.868 [FXGL Background Thread 2 ] DEBUG Engine               - isLinux: true
16:01:07.868 [FXGL Background Thread 2 ] DEBUG Engine               - soundMenuPress: menu/press.wav
16:01:07.868 [FXGL Background Thread 2 ] DEBUG Engine               - urlGithub: https://github.com/AlmasB/FXGL
16:01:07.868 [FXGL Background Thread 2 ] DEBUG Engine               - profileDir: profiles/
16:01:07.869 [FXGL Background Thread 2 ] DEBUG Engine               - isDeveloperMenuEnabled: false
16:01:07.869 [FXGL Background Thread 2 ] DEBUG Engine               - globalSoundVolumeProperty: DoubleProperty [value: 0.5]
16:01:07.869 [FXGL Background Thread 2 ] DEBUG Engine               - mainWindow: com.almasb.fxgl.app.MainWindow@52f57abc
16:01:07.869 [FXGL Background Thread 2 ] DEBUG Engine               - isBrowser: false
16:01:07.869 [FXGL Background Thread 2 ] DEBUG Engine               - globalSoundVolume: 0.5
16:01:07.869 [FXGL Background Thread 2 ] DEBUG Engine               - urlLeaderboard: http://fxgl-top.herokuapp.com/
16:01:07.869 [FXGL Background Thread 2 ] DEBUG Engine               - engineServices: [class com.almasb.fxgl.app.GameApplication$GameApplicationService, class com.almasb.fxgl.app.services.WindowService, class com.almasb.fxgl.app.services.FXGLDialogService, class com.almasb.fxgl.app.services.IOTaskExecutorService, class com.almasb.fxgl.event.EventBusService, class com.almasb.fxgl.io.FileSystemService, class com.almasb.fxgl.localization.LocalizationService, class com.almasb.fxgl.app.services.AssetLoaderService, class com.almasb.fxgl.app.services.SystemBundleService, class com.almasb.fxgl.profile.SaveLoadService, class com.almasb.fxgl.ui.FXGLUIFactoryServiceProvider, class com.almasb.fxgl.ui.FXGLDialogFactoryServiceProvider, class com.almasb.fxgl.audio.AudioPlayer, class com.almasb.fxgl.notification.impl.NotificationServiceProvider, class com.almasb.fxgl.achievement.AchievementService, class com.almasb.fxgl.cutscene.CutsceneService, class com.almasb.fxgl.minigames.MiniGameService, class com.almasb.fxgl.net.NetService, class com.almasb.fxgl.app.services.UpdaterService]
16:01:07.869 [FXGL Background Thread 2 ] DEBUG Engine               - globalMusicVolume: 0.5
16:01:07.869 [FXGL Background Thread 2 ] DEBUG Engine               - width: 1280
16:01:07.869 [FXGL Background Thread 2 ] DEBUG Engine               - saveFileExt: sav
16:01:07.869 [FXGL Background Thread 2 ] DEBUG Engine               - isAndroid: false
16:01:07.869 [FXGL Background Thread 2 ] DEBUG Engine               - fontUI: VarelaRound-Regular.ttf
16:01:07.869 [FXGL Background Thread 2 ] DEBUG Engine               - enabledMenuItems: []
16:01:07.869 [FXGL Background Thread 2 ] DEBUG Engine               - isIOS: false
16:01:07.869 [FXGL Background Thread 2 ] DEBUG Engine               - Logging services
16:01:07.869 [FXGL Background Thread 2 ] DEBUG Engine               - class com.almasb.fxgl.app.GameApplication$GameApplicationService
16:01:07.870 [FXGL Background Thread 2 ] DEBUG Engine               - class com.almasb.fxgl.app.services.WindowService
16:01:07.870 [FXGL Background Thread 2 ] DEBUG Engine               - class com.almasb.fxgl.app.services.FXGLDialogService
16:01:07.870 [FXGL Background Thread 2 ] DEBUG Engine               - class com.almasb.fxgl.app.services.IOTaskExecutorService
16:01:07.870 [FXGL Background Thread 2 ] DEBUG Engine               - class com.almasb.fxgl.event.EventBusService
16:01:07.870 [FXGL Background Thread 2 ] DEBUG Engine               - class com.almasb.fxgl.io.FileSystemService
16:01:07.870 [FXGL Background Thread 2 ] DEBUG Engine               - class com.almasb.fxgl.localization.LocalizationService
16:01:07.870 [FXGL Background Thread 2 ] DEBUG Engine               - class com.almasb.fxgl.app.services.AssetLoaderService
16:01:07.870 [FXGL Background Thread 2 ] DEBUG Engine               - class com.almasb.fxgl.app.services.SystemBundleService
16:01:07.870 [FXGL Background Thread 2 ] DEBUG Engine               - class com.almasb.fxgl.profile.SaveLoadService
16:01:07.870 [FXGL Background Thread 2 ] DEBUG Engine               - class com.almasb.fxgl.ui.FXGLUIFactoryServiceProvider
16:01:07.870 [FXGL Background Thread 2 ] DEBUG Engine               - class com.almasb.fxgl.ui.FXGLDialogFactoryServiceProvider
16:01:07.870 [FXGL Background Thread 2 ] DEBUG Engine               - class com.almasb.fxgl.audio.AudioPlayer
16:01:07.871 [FXGL Background Thread 2 ] DEBUG Engine               - class com.almasb.fxgl.notification.impl.NotificationServiceProvider
16:01:07.871 [FXGL Background Thread 2 ] DEBUG Engine               - class com.almasb.fxgl.achievement.AchievementService
16:01:07.871 [FXGL Background Thread 2 ] DEBUG Engine               - class com.almasb.fxgl.cutscene.CutsceneService
16:01:07.871 [FXGL Background Thread 2 ] DEBUG Engine               - class com.almasb.fxgl.minigames.MiniGameService
16:01:07.871 [FXGL Background Thread 2 ] DEBUG Engine               - class com.almasb.fxgl.net.NetService
16:01:07.871 [FXGL Background Thread 2 ] DEBUG Engine               - class com.almasb.fxgl.app.services.UpdaterService
16:01:55.029 [JavaFX Application Thread] DEBUG MainWindow           - Push state: DialogSubScene
16:01:55.030 [JavaFX Application Thread] DEBUG Input                - Clearing active input actions
16:01:55.038 [JavaFX Application Thread] DEBUG WindowService        - Removing overlay from GameScene and adding to DialogSubScene
16:01:55.038 [JavaFX Application Thread] DEBUG MainWindow           - GameScene -> DialogSubScene
16:01:56.906 [JavaFX Application Thread] DEBUG MainWindow           - Pop state: DialogSubScene
16:01:56.906 [JavaFX Application Thread] DEBUG Input                - Clearing active input actions
16:01:56.910 [JavaFX Application Thread] DEBUG WindowService        - Removing overlay from DialogSubScene and adding to GameScene
16:01:56.911 [JavaFX Application Thread] DEBUG MainWindow           - GameScene <- DialogSubScene
16:01:56.911 [JavaFX Application Thread] DEBUG GameApplication      - Exiting FXGL
16:01:56.911 [JavaFX Application Thread] DEBUG LoopRunner           - Stopping loop
16:01:56.912 [JavaFX Application Thread] DEBUG SystemBundleService  - Saving FXGL system data
16:01:56.914 [JavaFX Application Thread] DEBUG FileSystemAccess     - Writing to: /home/leo/Projects/capybaras/week-3/day-15/flappybird/system/fxgl.bundle
16:01:56.916 [JavaFX Application Thread] DEBUG GameApplication      - Shutting down background threads
16:01:56.916 [JavaFX Application Thread] DEBUG GameApplication      - Closing logger and exiting JavaFX
