16:30:58.165 [main                     ] DEBUG GameApplication      - Logger initialized
16:30:58.190 [main                     ] DEBUG GameApplication      - Logging settings
Title: Pong
Version: 0.0
Width: 800
Height: 600
Fullscreen: false
Intro: false
Menus: false
Profiling: false
Single step:false
App Mode: DEVELOPER
Menu Key: ESCAPE
Stage Style: DECORATED
Scene Factory: class com.almasb.fxgl.app.scene.SceneFactory

16:30:58.550 [JavaFX Application Thread] DEBUG GameApplication      - Initializing FXGL
16:30:58.559 [JavaFX Application Thread] INFO  Engine               - FXGL-11.8 (08.03.2020 09.09) on LINUX (J:11.0.7 FX:13.0.2)
16:30:58.559 [JavaFX Application Thread] INFO  Engine               - Source code and latest versions at: https://github.com/AlmasB/FXGL
16:30:58.560 [JavaFX Application Thread] INFO  Engine               -              Join the FXGL chat at: https://gitter.im/AlmasB/FXGL
16:30:58.663 [JavaFX Application Thread] DEBUG MainWindow           - Creating a JavaFX scene
16:30:58.756 [JavaFX Application Thread] DEBUG MainWindow           - Target settings size: 800.0 x 600.0
16:30:58.757 [JavaFX Application Thread] DEBUG MainWindow           - Scaled scene size:    800.0 x 600.0
16:30:58.757 [JavaFX Application Thread] DEBUG MainWindow           - Scaled ratio: (1.0, 1.0)
16:30:58.758 [JavaFX Application Thread] DEBUG MainWindow           - Set initial scene to FXGLStartupScene
16:30:58.766 [JavaFX Application Thread] DEBUG MainWindow           - Opening main window
16:30:58.814 [JavaFX Application Thread] DEBUG MainWindow           - Window border size: (2.0, 29.0)
16:30:58.814 [JavaFX Application Thread] DEBUG MainWindow           - Scaled size: 800.0 x 600.0
16:30:58.814 [JavaFX Application Thread] DEBUG MainWindow           - Scaled ratio: (1.0, 1.0)
16:30:58.814 [JavaFX Application Thread] DEBUG MainWindow           - Scene size: 800.0 x 600.0
16:30:58.814 [JavaFX Application Thread] DEBUG MainWindow           - Stage size: 802.0 x 629.0
16:30:58.824 [FXGL Background Thread 1 ] DEBUG Engine               - Initializing environment variables
16:30:58.870 [FXGL Background Thread 1 ] DEBUG WindowService        - Applying CSS: fxgl_dark.css
16:30:58.871 [FXGL Background Thread 1 ] DEBUG AssetLoaderService   - Loading from file system: /assets/ui/css/fxgl_dark.css
16:30:58.938 [FXGL Background Thread 1 ] DEBUG WindowService        - Initializing application scenes
16:30:59.022 [FXGL Background Thread 1 ] DEBUG GameWorld            - Game world initialized
16:30:59.089 [FXGL Background Thread 1 ] DEBUG PhysicsWorld         - Physics world initialized: appHeight=600, physics.ppm=50.0
16:30:59.092 [FXGL Background Thread 1 ] DEBUG GameScene            - Game scene initialized: 800x600
16:30:59.110 [FXGL Background Thread 1 ] DEBUG Input                - Registered new binding: Resume - Esc
16:30:59.115 [FXGL Background Thread 1 ] DEBUG AssetLoaderService   - Loading from file system: /assets/textures/pause_menu_bg.png
16:30:59.162 [FXGL Background Thread 1 ] DEBUG Input                - Registered new binding: Pause - Esc
16:30:59.162 [FXGL Background Thread 1 ] DEBUG WindowService        - Application scenes initialized
16:30:59.181 [FXGL Background Thread 1 ] DEBUG SystemBundleService  - Loading FXGL system data
16:30:59.185 [FXGL Background Thread 1 ] DEBUG FileSystemAccess     - Reading from: /home/leo/Projects/capybaras/week-3/day-13/pong/system/fxgl.bundle
16:30:59.195 [FXGL Background Thread 1 ] DEBUG SystemBundleService  - Bundle FXGL: {}
16:30:59.195 [FXGL Background Thread 1 ] INFO  Engine               - FXGL initialization took: 0.368 sec
16:30:59.197 [FXGL Background Thread 1 ] DEBUG GameApplication      - Loading localizations
16:30:59.197 [FXGL Background Thread 1 ] DEBUG AssetLoaderService   - Loading from file system: /assets/properties/languages/english.properties
16:30:59.199 [FXGL Background Thread 1 ] DEBUG AssetLoaderService   - Loading from file system: /assets/properties/languages/french.properties
16:30:59.201 [FXGL Background Thread 1 ] DEBUG AssetLoaderService   - Loading from file system: /assets/properties/languages/german.properties
16:30:59.203 [FXGL Background Thread 1 ] DEBUG AssetLoaderService   - Loading from file system: /assets/properties/languages/hungarian.properties
16:30:59.205 [FXGL Background Thread 1 ] DEBUG AssetLoaderService   - Loading from file system: /assets/properties/languages/russian.properties
16:30:59.207 [FXGL Background Thread 1 ] DEBUG GameApplication      - Registering font factories with UI factory
16:30:59.207 [FXGL Background Thread 1 ] DEBUG AssetLoaderService   - Loading from file system: /assets/ui/fonts/VarelaRound-Regular.ttf
16:30:59.217 [FXGL Background Thread 1 ] DEBUG AssetLoaderService   - Loading from file system: /assets/ui/fonts/Abel-Regular.ttf
16:30:59.220 [FXGL Background Thread 1 ] DEBUG AssetLoaderService   - Loading from file system: /assets/ui/fonts/lucida_console.ttf
16:30:59.223 [FXGL Background Thread 1 ] DEBUG AssetLoaderService   - Loading from file system: /assets/ui/fonts/Courier-Prime.ttf
16:30:59.233 [JavaFX Application Thread] DEBUG Input                - Registered new binding: Up 1 - W
16:30:59.233 [JavaFX Application Thread] DEBUG Input                - Registered new binding: Down 1 - S
16:30:59.233 [JavaFX Application Thread] DEBUG Input                - Registered new binding: Up 2 - Numpad 8
16:30:59.234 [JavaFX Application Thread] DEBUG Input                - Registered new binding: Down 2 - Numpad 5
16:30:59.234 [JavaFX Application Thread] DEBUG Input                - Registered new binding: Reset Ball - R
16:30:59.234 [JavaFX Application Thread] DEBUG AssetLoaderService   - Loading from file system: /assets/textures/fxgl_icon.png
16:30:59.262 [JavaFX Application Thread] DEBUG AssetLoaderService   - Loading from file system: /assets/ui/cursors/fxgl_default.png
16:30:59.266 [JavaFX Application Thread] DEBUG Input                - Registered new binding: Screenshot - P
16:30:59.271 [JavaFX Application Thread] DEBUG Input                - Registered new binding: System info dump - CTRL+9
16:30:59.272 [JavaFX Application Thread] DEBUG Input                - Registered new binding: Restart - CTRL+R
16:30:59.275 [JavaFX Application Thread] DEBUG LoopRunner           - Starting loop
16:30:59.286 [JavaFX Application Thread] DEBUG FXGLStartupScene     - STARTUP
16:30:59.286 [JavaFX Application Thread] DEBUG WindowService        - Starting new game
16:30:59.289 [JavaFX Application Thread] DEBUG Input                - Clearing active input actions
16:30:59.319 [JavaFX Application Thread] DEBUG WindowService        - Removing overlay from FXGLStartupScene and adding to FXGLLoadingScene
16:30:59.319 [JavaFX Application Thread] DEBUG MainWindow           - FXGLStartupScene -> FXGLLoadingScene
16:30:59.319 [JavaFX Application Thread] DEBUG WindowService        - Clearing previous game
16:30:59.319 [JavaFX Application Thread] DEBUG GameScene            - Clearing game scene
16:30:59.319 [JavaFX Application Thread] DEBUG GameWorld            - Clearing game world
16:30:59.319 [JavaFX Application Thread] DEBUG PhysicsWorld         - Clearing physics world
16:30:59.321 [FXGL Background Thread 1 ] DEBUG GameApplication      - Initializing game
16:30:59.338 [FXGL Background Thread 1 ] INFO  GameApplication      - Game initialization took: 0.017 sec
16:30:59.461 [JavaFX Application Thread] DEBUG Input                - Clearing active input actions
16:30:59.486 [JavaFX Application Thread] DEBUG WindowService        - Removing overlay from FXGLLoadingScene and adding to GameScene
16:30:59.486 [JavaFX Application Thread] DEBUG MainWindow           - FXGLLoadingScene -> GameScene
16:31:02.196 [FXGL Background Thread 2 ] DEBUG Engine               - Logging environment variables
16:31:02.196 [FXGL Background Thread 2 ] DEBUG Engine               - achievements: []
16:31:02.197 [FXGL Background Thread 2 ] DEBUG Engine               - language: ObjectProperty [value: ENGLISH]
16:31:02.197 [FXGL Background Thread 2 ] DEBUG Engine               - isCloseConfirmation: false
16:31:02.197 [FXGL Background Thread 2 ] DEBUG Engine               - isProfilingEnabled: false
16:31:02.197 [FXGL Background Thread 2 ] DEBUG Engine               - soundNotification: core/notification.wav
16:31:02.197 [FXGL Background Thread 2 ] DEBUG Engine               - devShowBBoxProperty: BooleanProperty [value: false]
16:31:02.197 [FXGL Background Thread 2 ] DEBUG Engine               - pixelsPerMeter: 50.0
16:31:02.197 [FXGL Background Thread 2 ] DEBUG Engine               - appIcon: fxgl_icon.png
16:31:02.198 [FXGL Background Thread 2 ] DEBUG Engine               - soundMenuBack: menu/back.wav
16:31:02.198 [FXGL Background Thread 2 ] DEBUG Engine               - isFullScreenAllowed: false
16:31:02.198 [FXGL Background Thread 2 ] DEBUG Engine               - isIntroEnabled: false
16:31:02.198 [FXGL Background Thread 2 ] DEBUG Engine               - fontMono: lucida_console.ttf
16:31:02.198 [FXGL Background Thread 2 ] DEBUG Engine               - soundMenuSelect: menu/select.wav
16:31:02.198 [FXGL Background Thread 2 ] DEBUG Engine               - isWindows: false
16:31:02.198 [FXGL Background Thread 2 ] DEBUG Engine               - isUserProfileEnabled: false
16:31:02.198 [FXGL Background Thread 2 ] DEBUG Engine               - isMobile: false
16:31:02.198 [FXGL Background Thread 2 ] DEBUG Engine               - height: 600
16:31:02.199 [FXGL Background Thread 2 ] DEBUG Engine               - isExperimentalNative: false
16:31:02.199 [FXGL Background Thread 2 ] DEBUG Engine               - settings: Title: Pong
Version: 0.0
Width: 800
Height: 600
Fullscreen: false
Intro: false
Menus: false
Profiling: false
Single step:false
App Mode: DEVELOPER
Menu Key: ESCAPE
Stage Style: DECORATED
Scene Factory: class com.almasb.fxgl.app.scene.SceneFactory

16:31:02.199 [FXGL Background Thread 2 ] DEBUG Engine               - isSingleStep: false
16:31:02.199 [FXGL Background Thread 2 ] DEBUG Engine               - cSSList: [fxgl_dark.css]
16:31:02.199 [FXGL Background Thread 2 ] DEBUG Engine               - fontGame: Abel-Regular.ttf
16:31:02.199 [FXGL Background Thread 2 ] DEBUG Engine               - menuKey: ESCAPE
16:31:02.199 [FXGL Background Thread 2 ] DEBUG Engine               - devShowPositionProperty: BooleanProperty [value: false]
16:31:02.199 [FXGL Background Thread 2 ] DEBUG Engine               - versionCheckDays: 7
16:31:02.199 [FXGL Background Thread 2 ] DEBUG Engine               - configClass: Optional.empty
16:31:02.199 [FXGL Background Thread 2 ] DEBUG Engine               - isFullScreenFromStart: false
16:31:02.200 [FXGL Background Thread 2 ] DEBUG Engine               - version: 0.0
16:31:02.200 [FXGL Background Thread 2 ] DEBUG Engine               - fullScreen: BooleanProperty [value: false]
16:31:02.200 [FXGL Background Thread 2 ] DEBUG Engine               - randomSeed: -1
16:31:02.200 [FXGL Background Thread 2 ] DEBUG Engine               - gameDifficultyProperty: ObjectProperty [value: MEDIUM]
16:31:02.200 [FXGL Background Thread 2 ] DEBUG Engine               - applicationMode: DEVELOPER
16:31:02.200 [FXGL Background Thread 2 ] DEBUG Engine               - isMac: false
16:31:02.200 [FXGL Background Thread 2 ] DEBUG Engine               - isMenuEnabled: false
16:31:02.200 [FXGL Background Thread 2 ] DEBUG Engine               - profileName: StringProperty [value: DEFAULT]
16:31:02.200 [FXGL Background Thread 2 ] DEBUG Engine               - urlPOM: https://raw.githubusercontent.com/AlmasB/FXGL/master/pom.xml
16:31:02.200 [FXGL Background Thread 2 ] DEBUG Engine               - notificationViewClass: class com.almasb.fxgl.notification.view.XboxNotificationView
16:31:02.201 [FXGL Background Thread 2 ] DEBUG Engine               - devSensorColorProperty: ObjectProperty [value: 0xffff00ff]
16:31:02.201 [FXGL Background Thread 2 ] DEBUG Engine               - sceneFactory: com.almasb.fxgl.app.scene.SceneFactory@7ccc9023
16:31:02.201 [FXGL Background Thread 2 ] DEBUG Engine               - stageStyle: DECORATED
16:31:02.201 [FXGL Background Thread 2 ] DEBUG Engine               - isManualResizeEnabled: false
16:31:02.201 [FXGL Background Thread 2 ] DEBUG Engine               - title: Pong
16:31:02.201 [FXGL Background Thread 2 ] DEBUG Engine               - platform: LINUX
16:31:02.201 [FXGL Background Thread 2 ] DEBUG Engine               - devBBoxColorProperty: ObjectProperty [value: 0xff0000ff]
16:31:02.201 [FXGL Background Thread 2 ] DEBUG Engine               - gameDifficulty: MEDIUM
16:31:02.201 [FXGL Background Thread 2 ] DEBUG Engine               - isDesktop: true
16:31:02.201 [FXGL Background Thread 2 ] DEBUG Engine               - supportedLanguages: [ENGLISH, FRENCH, GERMAN, HUNGARIAN, RUSSIAN]
16:31:02.201 [FXGL Background Thread 2 ] DEBUG Engine               - credits: []
16:31:02.202 [FXGL Background Thread 2 ] DEBUG Engine               - globalMusicVolumeProperty: DoubleProperty [value: 0.5]
16:31:02.202 [FXGL Background Thread 2 ] DEBUG Engine               - isPreserveResizeRatio: false
16:31:02.202 [FXGL Background Thread 2 ] DEBUG Engine               - fontText: Courier-Prime.ttf
16:31:02.202 [FXGL Background Thread 2 ] DEBUG Engine               - isExperimentalTiledLargeMap: false
16:31:02.202 [FXGL Background Thread 2 ] DEBUG Engine               - secondsIn24h: 60
16:31:02.202 [FXGL Background Thread 2 ] DEBUG Engine               - runtimeInfo: RuntimeInfo(platform=LINUX, version=11.8, build=08.03.2020 09.09)
16:31:02.202 [FXGL Background Thread 2 ] DEBUG Engine               - isLinux: true
16:31:02.202 [FXGL Background Thread 2 ] DEBUG Engine               - soundMenuPress: menu/press.wav
16:31:02.202 [FXGL Background Thread 2 ] DEBUG Engine               - urlGithub: https://github.com/AlmasB/FXGL
16:31:02.202 [FXGL Background Thread 2 ] DEBUG Engine               - profileDir: profiles/
16:31:02.202 [FXGL Background Thread 2 ] DEBUG Engine               - isDeveloperMenuEnabled: false
16:31:02.203 [FXGL Background Thread 2 ] DEBUG Engine               - globalSoundVolumeProperty: DoubleProperty [value: 0.5]
16:31:02.203 [FXGL Background Thread 2 ] DEBUG Engine               - mainWindow: com.almasb.fxgl.app.MainWindow@78f30b62
16:31:02.203 [FXGL Background Thread 2 ] DEBUG Engine               - isBrowser: false
16:31:02.203 [FXGL Background Thread 2 ] DEBUG Engine               - globalSoundVolume: 0.5
16:31:02.203 [FXGL Background Thread 2 ] DEBUG Engine               - urlLeaderboard: http://fxgl-top.herokuapp.com/
16:31:02.203 [FXGL Background Thread 2 ] DEBUG Engine               - engineServices: [class com.almasb.fxgl.app.GameApplication$GameApplicationService, class com.almasb.fxgl.app.services.WindowService, class com.almasb.fxgl.app.services.FXGLDialogService, class com.almasb.fxgl.app.services.IOTaskExecutorService, class com.almasb.fxgl.event.EventBusService, class com.almasb.fxgl.io.FileSystemService, class com.almasb.fxgl.localization.LocalizationService, class com.almasb.fxgl.app.services.AssetLoaderService, class com.almasb.fxgl.app.services.SystemBundleService, class com.almasb.fxgl.profile.SaveLoadService, class com.almasb.fxgl.ui.FXGLUIFactoryServiceProvider, class com.almasb.fxgl.ui.FXGLDialogFactoryServiceProvider, class com.almasb.fxgl.audio.AudioPlayer, class com.almasb.fxgl.notification.impl.NotificationServiceProvider, class com.almasb.fxgl.achievement.AchievementService, class com.almasb.fxgl.cutscene.CutsceneService, class com.almasb.fxgl.minigames.MiniGameService, class com.almasb.fxgl.net.NetService, class com.almasb.fxgl.app.services.UpdaterService]
16:31:02.203 [FXGL Background Thread 2 ] DEBUG Engine               - globalMusicVolume: 0.5
16:31:02.203 [FXGL Background Thread 2 ] DEBUG Engine               - width: 800
16:31:02.203 [FXGL Background Thread 2 ] DEBUG Engine               - saveFileExt: sav
16:31:02.203 [FXGL Background Thread 2 ] DEBUG Engine               - isAndroid: false
16:31:02.203 [FXGL Background Thread 2 ] DEBUG Engine               - fontUI: VarelaRound-Regular.ttf
16:31:02.203 [FXGL Background Thread 2 ] DEBUG Engine               - enabledMenuItems: []
16:31:02.204 [FXGL Background Thread 2 ] DEBUG Engine               - isIOS: false
16:31:02.204 [FXGL Background Thread 2 ] DEBUG Engine               - Logging services
16:31:02.204 [FXGL Background Thread 2 ] DEBUG Engine               - class com.almasb.fxgl.app.GameApplication$GameApplicationService
16:31:02.204 [FXGL Background Thread 2 ] DEBUG Engine               - class com.almasb.fxgl.app.services.WindowService
16:31:02.204 [FXGL Background Thread 2 ] DEBUG Engine               - class com.almasb.fxgl.app.services.FXGLDialogService
16:31:02.204 [FXGL Background Thread 2 ] DEBUG Engine               - class com.almasb.fxgl.app.services.IOTaskExecutorService
16:31:02.204 [FXGL Background Thread 2 ] DEBUG Engine               - class com.almasb.fxgl.event.EventBusService
16:31:02.204 [FXGL Background Thread 2 ] DEBUG Engine               - class com.almasb.fxgl.io.FileSystemService
16:31:02.204 [FXGL Background Thread 2 ] DEBUG Engine               - class com.almasb.fxgl.localization.LocalizationService
16:31:02.204 [FXGL Background Thread 2 ] DEBUG Engine               - class com.almasb.fxgl.app.services.AssetLoaderService
16:31:02.204 [FXGL Background Thread 2 ] DEBUG Engine               - class com.almasb.fxgl.app.services.SystemBundleService
16:31:02.204 [FXGL Background Thread 2 ] DEBUG Engine               - class com.almasb.fxgl.profile.SaveLoadService
16:31:02.204 [FXGL Background Thread 2 ] DEBUG Engine               - class com.almasb.fxgl.ui.FXGLUIFactoryServiceProvider
16:31:02.205 [FXGL Background Thread 2 ] DEBUG Engine               - class com.almasb.fxgl.ui.FXGLDialogFactoryServiceProvider
16:31:02.205 [FXGL Background Thread 2 ] DEBUG Engine               - class com.almasb.fxgl.audio.AudioPlayer
16:31:02.205 [FXGL Background Thread 2 ] DEBUG Engine               - class com.almasb.fxgl.notification.impl.NotificationServiceProvider
16:31:02.205 [FXGL Background Thread 2 ] DEBUG Engine               - class com.almasb.fxgl.achievement.AchievementService
16:31:02.205 [FXGL Background Thread 2 ] DEBUG Engine               - class com.almasb.fxgl.cutscene.CutsceneService
16:31:02.205 [FXGL Background Thread 2 ] DEBUG Engine               - class com.almasb.fxgl.minigames.MiniGameService
16:31:02.205 [FXGL Background Thread 2 ] DEBUG Engine               - class com.almasb.fxgl.net.NetService
16:31:02.205 [FXGL Background Thread 2 ] DEBUG Engine               - class com.almasb.fxgl.app.services.UpdaterService
16:31:03.935 [JavaFX Application Thread] DEBUG GameApplication      - Exiting FXGL
16:31:03.935 [JavaFX Application Thread] DEBUG LoopRunner           - Stopping loop
16:31:03.935 [JavaFX Application Thread] DEBUG SystemBundleService  - Saving FXGL system data
16:31:03.937 [JavaFX Application Thread] DEBUG FileSystemAccess     - Writing to: /home/leo/Projects/capybaras/week-3/day-13/pong/system/fxgl.bundle
16:31:03.939 [JavaFX Application Thread] DEBUG GameApplication      - Shutting down background threads
16:31:03.940 [JavaFX Application Thread] DEBUG GameApplication      - Closing logger and exiting JavaFX
