16:32:11.838 [main                     ] DEBUG GameApplication      - Logger initialized
16:32:11.867 [main                     ] DEBUG GameApplication      - Logging settings
Title: Pong
Version: 0.0
Width: 800
Height: 600
Fullscreen: false
Intro: false
Menus: false
Profiling: false
Single step:false
App Mode: DEVELOPER
Menu Key: ESCAPE
Stage Style: DECORATED
Scene Factory: class com.almasb.fxgl.app.scene.SceneFactory

16:32:12.224 [JavaFX Application Thread] DEBUG GameApplication      - Initializing FXGL
16:32:12.235 [JavaFX Application Thread] INFO  Engine               - FXGL-11.8 (08.03.2020 09.09) on LINUX (J:11.0.7 FX:13.0.2)
16:32:12.236 [JavaFX Application Thread] INFO  Engine               - Source code and latest versions at: https://github.com/AlmasB/FXGL
16:32:12.236 [JavaFX Application Thread] INFO  Engine               -              Join the FXGL chat at: https://gitter.im/AlmasB/FXGL
16:32:12.342 [JavaFX Application Thread] DEBUG MainWindow           - Creating a JavaFX scene
16:32:12.439 [JavaFX Application Thread] DEBUG MainWindow           - Target settings size: 800.0 x 600.0
16:32:12.439 [JavaFX Application Thread] DEBUG MainWindow           - Scaled scene size:    800.0 x 600.0
16:32:12.439 [JavaFX Application Thread] DEBUG MainWindow           - Scaled ratio: (1.0, 1.0)
16:32:12.440 [JavaFX Application Thread] DEBUG MainWindow           - Set initial scene to FXGLStartupScene
16:32:12.447 [JavaFX Application Thread] DEBUG MainWindow           - Opening main window
16:32:12.492 [JavaFX Application Thread] DEBUG MainWindow           - Window border size: (2.0, 29.0)
16:32:12.492 [JavaFX Application Thread] DEBUG MainWindow           - Scaled size: 800.0 x 600.0
16:32:12.492 [JavaFX Application Thread] DEBUG MainWindow           - Scaled ratio: (1.0, 1.0)
16:32:12.493 [JavaFX Application Thread] DEBUG MainWindow           - Scene size: 800.0 x 600.0
16:32:12.493 [JavaFX Application Thread] DEBUG MainWindow           - Stage size: 802.0 x 629.0
16:32:12.500 [FXGL Background Thread 1 ] DEBUG Engine               - Initializing environment variables
16:32:12.548 [FXGL Background Thread 1 ] DEBUG WindowService        - Applying CSS: fxgl_dark.css
16:32:12.549 [FXGL Background Thread 1 ] DEBUG AssetLoaderService   - Loading from file system: /assets/ui/css/fxgl_dark.css
16:32:12.628 [FXGL Background Thread 1 ] DEBUG WindowService        - Initializing application scenes
16:32:12.699 [FXGL Background Thread 1 ] DEBUG GameWorld            - Game world initialized
16:32:12.752 [FXGL Background Thread 1 ] DEBUG PhysicsWorld         - Physics world initialized: appHeight=600, physics.ppm=50.0
16:32:12.755 [FXGL Background Thread 1 ] DEBUG GameScene            - Game scene initialized: 800x600
16:32:12.764 [FXGL Background Thread 1 ] DEBUG Input                - Registered new binding: Resume - Esc
16:32:12.769 [FXGL Background Thread 1 ] DEBUG AssetLoaderService   - Loading from file system: /assets/textures/pause_menu_bg.png
16:32:12.813 [FXGL Background Thread 1 ] DEBUG Input                - Registered new binding: Pause - Esc
16:32:12.813 [FXGL Background Thread 1 ] DEBUG WindowService        - Application scenes initialized
16:32:12.824 [FXGL Background Thread 1 ] DEBUG SystemBundleService  - Loading FXGL system data
16:32:12.827 [FXGL Background Thread 1 ] DEBUG FileSystemAccess     - Reading from: /home/leo/Projects/capybaras/week-3/day-13/pong/system/fxgl.bundle
16:32:12.833 [FXGL Background Thread 1 ] DEBUG SystemBundleService  - Bundle FXGL: {}
16:32:12.833 [FXGL Background Thread 1 ] INFO  Engine               - FXGL initialization took: 0.331 sec
16:32:12.835 [FXGL Background Thread 1 ] DEBUG GameApplication      - Loading localizations
16:32:12.836 [FXGL Background Thread 1 ] DEBUG AssetLoaderService   - Loading from file system: /assets/properties/languages/english.properties
16:32:12.838 [FXGL Background Thread 1 ] DEBUG AssetLoaderService   - Loading from file system: /assets/properties/languages/french.properties
16:32:12.839 [FXGL Background Thread 1 ] DEBUG AssetLoaderService   - Loading from file system: /assets/properties/languages/german.properties
16:32:12.841 [FXGL Background Thread 1 ] DEBUG AssetLoaderService   - Loading from file system: /assets/properties/languages/hungarian.properties
16:32:12.842 [FXGL Background Thread 1 ] DEBUG AssetLoaderService   - Loading from file system: /assets/properties/languages/russian.properties
16:32:12.843 [FXGL Background Thread 1 ] DEBUG GameApplication      - Registering font factories with UI factory
16:32:12.844 [FXGL Background Thread 1 ] DEBUG AssetLoaderService   - Loading from file system: /assets/ui/fonts/VarelaRound-Regular.ttf
16:32:12.855 [FXGL Background Thread 1 ] DEBUG AssetLoaderService   - Loading from file system: /assets/ui/fonts/Abel-Regular.ttf
16:32:12.857 [FXGL Background Thread 1 ] DEBUG AssetLoaderService   - Loading from file system: /assets/ui/fonts/lucida_console.ttf
16:32:12.860 [FXGL Background Thread 1 ] DEBUG AssetLoaderService   - Loading from file system: /assets/ui/fonts/Courier-Prime.ttf
16:32:12.867 [JavaFX Application Thread] DEBUG Input                - Registered new binding: Up 1 - W
16:32:12.867 [JavaFX Application Thread] DEBUG Input                - Registered new binding: Down 1 - S
16:32:12.867 [JavaFX Application Thread] DEBUG Input                - Registered new binding: Up 2 - Numpad 8
16:32:12.868 [JavaFX Application Thread] DEBUG Input                - Registered new binding: Down 2 - Numpad 5
16:32:12.868 [JavaFX Application Thread] DEBUG Input                - Registered new binding: Reset Ball - R
16:32:12.868 [JavaFX Application Thread] DEBUG AssetLoaderService   - Loading from file system: /assets/textures/fxgl_icon.png
16:32:12.894 [JavaFX Application Thread] DEBUG AssetLoaderService   - Loading from file system: /assets/ui/cursors/fxgl_default.png
16:32:12.897 [JavaFX Application Thread] DEBUG Input                - Registered new binding: Screenshot - P
16:32:12.898 [JavaFX Application Thread] DEBUG Input                - Registered new binding: System info dump - CTRL+9
16:32:12.898 [JavaFX Application Thread] DEBUG Input                - Registered new binding: Restart - CTRL+R
16:32:12.900 [JavaFX Application Thread] DEBUG LoopRunner           - Starting loop
16:32:12.908 [JavaFX Application Thread] DEBUG FXGLStartupScene     - STARTUP
16:32:12.908 [JavaFX Application Thread] DEBUG WindowService        - Starting new game
16:32:12.910 [JavaFX Application Thread] DEBUG Input                - Clearing active input actions
16:32:12.933 [JavaFX Application Thread] DEBUG WindowService        - Removing overlay from FXGLStartupScene and adding to FXGLLoadingScene
16:32:12.933 [JavaFX Application Thread] DEBUG MainWindow           - FXGLStartupScene -> FXGLLoadingScene
16:32:12.933 [JavaFX Application Thread] DEBUG WindowService        - Clearing previous game
16:32:12.933 [JavaFX Application Thread] DEBUG GameScene            - Clearing game scene
16:32:12.933 [JavaFX Application Thread] DEBUG GameWorld            - Clearing game world
16:32:12.933 [JavaFX Application Thread] DEBUG PhysicsWorld         - Clearing physics world
16:32:12.935 [FXGL Background Thread 1 ] DEBUG GameApplication      - Initializing game
16:32:12.948 [FXGL Background Thread 1 ] INFO  GameApplication      - Game initialization took: 0.013 sec
16:32:13.030 [JavaFX Application Thread] DEBUG Input                - Clearing active input actions
16:32:13.040 [JavaFX Application Thread] DEBUG WindowService        - Removing overlay from FXGLLoadingScene and adding to GameScene
16:32:13.041 [JavaFX Application Thread] DEBUG MainWindow           - FXGLLoadingScene -> GameScene
16:32:15.834 [FXGL Background Thread 2 ] DEBUG Engine               - Logging environment variables
16:32:15.834 [FXGL Background Thread 2 ] DEBUG Engine               - achievements: []
16:32:15.834 [FXGL Background Thread 2 ] DEBUG Engine               - language: ObjectProperty [value: ENGLISH]
16:32:15.835 [FXGL Background Thread 2 ] DEBUG Engine               - isCloseConfirmation: false
16:32:15.835 [FXGL Background Thread 2 ] DEBUG Engine               - isProfilingEnabled: false
16:32:15.835 [FXGL Background Thread 2 ] DEBUG Engine               - soundNotification: core/notification.wav
16:32:15.835 [FXGL Background Thread 2 ] DEBUG Engine               - devShowBBoxProperty: BooleanProperty [value: false]
16:32:15.835 [FXGL Background Thread 2 ] DEBUG Engine               - pixelsPerMeter: 50.0
16:32:15.835 [FXGL Background Thread 2 ] DEBUG Engine               - appIcon: fxgl_icon.png
16:32:15.836 [FXGL Background Thread 2 ] DEBUG Engine               - soundMenuBack: menu/back.wav
16:32:15.836 [FXGL Background Thread 2 ] DEBUG Engine               - isFullScreenAllowed: false
16:32:15.836 [FXGL Background Thread 2 ] DEBUG Engine               - isIntroEnabled: false
16:32:15.836 [FXGL Background Thread 2 ] DEBUG Engine               - fontMono: lucida_console.ttf
16:32:15.836 [FXGL Background Thread 2 ] DEBUG Engine               - soundMenuSelect: menu/select.wav
16:32:15.836 [FXGL Background Thread 2 ] DEBUG Engine               - isWindows: false
16:32:15.837 [FXGL Background Thread 2 ] DEBUG Engine               - isMobile: false
16:32:15.837 [FXGL Background Thread 2 ] DEBUG Engine               - isUserProfileEnabled: false
16:32:15.837 [FXGL Background Thread 2 ] DEBUG Engine               - height: 600
16:32:15.837 [FXGL Background Thread 2 ] DEBUG Engine               - isExperimentalNative: false
16:32:15.837 [FXGL Background Thread 2 ] DEBUG Engine               - settings: Title: Pong
Version: 0.0
Width: 800
Height: 600
Fullscreen: false
Intro: false
Menus: false
Profiling: false
Single step:false
App Mode: DEVELOPER
Menu Key: ESCAPE
Stage Style: DECORATED
Scene Factory: class com.almasb.fxgl.app.scene.SceneFactory

16:32:15.837 [FXGL Background Thread 2 ] DEBUG Engine               - isSingleStep: false
16:32:15.837 [FXGL Background Thread 2 ] DEBUG Engine               - cSSList: [fxgl_dark.css]
16:32:15.838 [FXGL Background Thread 2 ] DEBUG Engine               - fontGame: Abel-Regular.ttf
16:32:15.838 [FXGL Background Thread 2 ] DEBUG Engine               - menuKey: ESCAPE
16:32:15.838 [FXGL Background Thread 2 ] DEBUG Engine               - devShowPositionProperty: BooleanProperty [value: false]
16:32:15.838 [FXGL Background Thread 2 ] DEBUG Engine               - versionCheckDays: 7
16:32:15.838 [FXGL Background Thread 2 ] DEBUG Engine               - configClass: Optional.empty
16:32:15.838 [FXGL Background Thread 2 ] DEBUG Engine               - isFullScreenFromStart: false
16:32:15.838 [FXGL Background Thread 2 ] DEBUG Engine               - version: 0.0
16:32:15.839 [FXGL Background Thread 2 ] DEBUG Engine               - fullScreen: BooleanProperty [value: false]
16:32:15.839 [FXGL Background Thread 2 ] DEBUG Engine               - randomSeed: -1
16:32:15.839 [FXGL Background Thread 2 ] DEBUG Engine               - gameDifficultyProperty: ObjectProperty [value: MEDIUM]
16:32:15.839 [FXGL Background Thread 2 ] DEBUG Engine               - applicationMode: DEVELOPER
16:32:15.839 [FXGL Background Thread 2 ] DEBUG Engine               - isMac: false
16:32:15.839 [FXGL Background Thread 2 ] DEBUG Engine               - isMenuEnabled: false
16:32:15.840 [FXGL Background Thread 2 ] DEBUG Engine               - urlPOM: https://raw.githubusercontent.com/AlmasB/FXGL/master/pom.xml
16:32:15.840 [FXGL Background Thread 2 ] DEBUG Engine               - profileName: StringProperty [value: DEFAULT]
16:32:15.840 [FXGL Background Thread 2 ] DEBUG Engine               - notificationViewClass: class com.almasb.fxgl.notification.view.XboxNotificationView
16:32:15.840 [FXGL Background Thread 2 ] DEBUG Engine               - devSensorColorProperty: ObjectProperty [value: 0xffff00ff]
16:32:15.840 [FXGL Background Thread 2 ] DEBUG Engine               - sceneFactory: com.almasb.fxgl.app.scene.SceneFactory@18eb6ce5
16:32:15.840 [FXGL Background Thread 2 ] DEBUG Engine               - stageStyle: DECORATED
16:32:15.841 [FXGL Background Thread 2 ] DEBUG Engine               - isManualResizeEnabled: false
16:32:15.841 [FXGL Background Thread 2 ] DEBUG Engine               - title: Pong
16:32:15.841 [FXGL Background Thread 2 ] DEBUG Engine               - platform: LINUX
16:32:15.842 [FXGL Background Thread 2 ] DEBUG Engine               - devBBoxColorProperty: ObjectProperty [value: 0xff0000ff]
16:32:15.842 [FXGL Background Thread 2 ] DEBUG Engine               - gameDifficulty: MEDIUM
16:32:15.842 [FXGL Background Thread 2 ] DEBUG Engine               - isDesktop: true
16:32:15.842 [FXGL Background Thread 2 ] DEBUG Engine               - supportedLanguages: [ENGLISH, FRENCH, GERMAN, HUNGARIAN, RUSSIAN]
16:32:15.842 [FXGL Background Thread 2 ] DEBUG Engine               - credits: []
16:32:15.842 [FXGL Background Thread 2 ] DEBUG Engine               - globalMusicVolumeProperty: DoubleProperty [value: 0.5]
16:32:15.842 [FXGL Background Thread 2 ] DEBUG Engine               - isPreserveResizeRatio: false
16:32:15.842 [FXGL Background Thread 2 ] DEBUG Engine               - fontText: Courier-Prime.ttf
16:32:15.842 [FXGL Background Thread 2 ] DEBUG Engine               - isExperimentalTiledLargeMap: false
16:32:15.843 [FXGL Background Thread 2 ] DEBUG Engine               - secondsIn24h: 60
16:32:15.843 [FXGL Background Thread 2 ] DEBUG Engine               - runtimeInfo: RuntimeInfo(platform=LINUX, version=11.8, build=08.03.2020 09.09)
16:32:15.843 [FXGL Background Thread 2 ] DEBUG Engine               - isLinux: true
16:32:15.843 [FXGL Background Thread 2 ] DEBUG Engine               - soundMenuPress: menu/press.wav
16:32:15.843 [FXGL Background Thread 2 ] DEBUG Engine               - urlGithub: https://github.com/AlmasB/FXGL
16:32:15.843 [FXGL Background Thread 2 ] DEBUG Engine               - profileDir: profiles/
16:32:15.843 [FXGL Background Thread 2 ] DEBUG Engine               - isDeveloperMenuEnabled: false
16:32:15.843 [FXGL Background Thread 2 ] DEBUG Engine               - globalSoundVolumeProperty: DoubleProperty [value: 0.5]
16:32:15.844 [FXGL Background Thread 2 ] DEBUG Engine               - mainWindow: com.almasb.fxgl.app.MainWindow@1cd4eb20
16:32:15.844 [FXGL Background Thread 2 ] DEBUG Engine               - isBrowser: false
16:32:15.844 [FXGL Background Thread 2 ] DEBUG Engine               - urlLeaderboard: http://fxgl-top.herokuapp.com/
16:32:15.844 [FXGL Background Thread 2 ] DEBUG Engine               - globalSoundVolume: 0.5
16:32:15.844 [FXGL Background Thread 2 ] DEBUG Engine               - engineServices: [class com.almasb.fxgl.app.GameApplication$GameApplicationService, class com.almasb.fxgl.app.services.WindowService, class com.almasb.fxgl.app.services.FXGLDialogService, class com.almasb.fxgl.app.services.IOTaskExecutorService, class com.almasb.fxgl.event.EventBusService, class com.almasb.fxgl.io.FileSystemService, class com.almasb.fxgl.localization.LocalizationService, class com.almasb.fxgl.app.services.AssetLoaderService, class com.almasb.fxgl.app.services.SystemBundleService, class com.almasb.fxgl.profile.SaveLoadService, class com.almasb.fxgl.ui.FXGLUIFactoryServiceProvider, class com.almasb.fxgl.ui.FXGLDialogFactoryServiceProvider, class com.almasb.fxgl.audio.AudioPlayer, class com.almasb.fxgl.notification.impl.NotificationServiceProvider, class com.almasb.fxgl.achievement.AchievementService, class com.almasb.fxgl.cutscene.CutsceneService, class com.almasb.fxgl.minigames.MiniGameService, class com.almasb.fxgl.net.NetService, class com.almasb.fxgl.app.services.UpdaterService]
16:32:15.844 [FXGL Background Thread 2 ] DEBUG Engine               - globalMusicVolume: 0.5
16:32:15.844 [FXGL Background Thread 2 ] DEBUG Engine               - width: 800
16:32:15.844 [FXGL Background Thread 2 ] DEBUG Engine               - saveFileExt: sav
16:32:15.844 [FXGL Background Thread 2 ] DEBUG Engine               - isAndroid: false
16:32:15.844 [FXGL Background Thread 2 ] DEBUG Engine               - fontUI: VarelaRound-Regular.ttf
16:32:15.844 [FXGL Background Thread 2 ] DEBUG Engine               - enabledMenuItems: []
16:32:15.845 [FXGL Background Thread 2 ] DEBUG Engine               - isIOS: false
16:32:15.845 [FXGL Background Thread 2 ] DEBUG Engine               - Logging services
16:32:15.845 [FXGL Background Thread 2 ] DEBUG Engine               - class com.almasb.fxgl.app.GameApplication$GameApplicationService
16:32:15.845 [FXGL Background Thread 2 ] DEBUG Engine               - class com.almasb.fxgl.app.services.WindowService
16:32:15.845 [FXGL Background Thread 2 ] DEBUG Engine               - class com.almasb.fxgl.app.services.FXGLDialogService
16:32:15.845 [FXGL Background Thread 2 ] DEBUG Engine               - class com.almasb.fxgl.app.services.IOTaskExecutorService
16:32:15.845 [FXGL Background Thread 2 ] DEBUG Engine               - class com.almasb.fxgl.event.EventBusService
16:32:15.845 [FXGL Background Thread 2 ] DEBUG Engine               - class com.almasb.fxgl.io.FileSystemService
16:32:15.845 [FXGL Background Thread 2 ] DEBUG Engine               - class com.almasb.fxgl.localization.LocalizationService
16:32:15.845 [FXGL Background Thread 2 ] DEBUG Engine               - class com.almasb.fxgl.app.services.AssetLoaderService
16:32:15.845 [FXGL Background Thread 2 ] DEBUG Engine               - class com.almasb.fxgl.app.services.SystemBundleService
16:32:15.846 [FXGL Background Thread 2 ] DEBUG Engine               - class com.almasb.fxgl.profile.SaveLoadService
16:32:15.846 [FXGL Background Thread 2 ] DEBUG Engine               - class com.almasb.fxgl.ui.FXGLUIFactoryServiceProvider
16:32:15.846 [FXGL Background Thread 2 ] DEBUG Engine               - class com.almasb.fxgl.ui.FXGLDialogFactoryServiceProvider
16:32:15.846 [FXGL Background Thread 2 ] DEBUG Engine               - class com.almasb.fxgl.audio.AudioPlayer
16:32:15.846 [FXGL Background Thread 2 ] DEBUG Engine               - class com.almasb.fxgl.notification.impl.NotificationServiceProvider
16:32:15.846 [FXGL Background Thread 2 ] DEBUG Engine               - class com.almasb.fxgl.achievement.AchievementService
16:32:15.846 [FXGL Background Thread 2 ] DEBUG Engine               - class com.almasb.fxgl.cutscene.CutsceneService
16:32:15.846 [FXGL Background Thread 2 ] DEBUG Engine               - class com.almasb.fxgl.minigames.MiniGameService
16:32:15.846 [FXGL Background Thread 2 ] DEBUG Engine               - class com.almasb.fxgl.net.NetService
16:32:15.846 [FXGL Background Thread 2 ] DEBUG Engine               - class com.almasb.fxgl.app.services.UpdaterService
16:32:22.715 [JavaFX Application Thread] DEBUG GameApplication      - Exiting FXGL
16:32:22.715 [JavaFX Application Thread] DEBUG LoopRunner           - Stopping loop
16:32:22.715 [JavaFX Application Thread] DEBUG SystemBundleService  - Saving FXGL system data
16:32:22.717 [JavaFX Application Thread] DEBUG FileSystemAccess     - Writing to: /home/leo/Projects/capybaras/week-3/day-13/pong/system/fxgl.bundle
16:32:22.720 [JavaFX Application Thread] DEBUG GameApplication      - Shutting down background threads
16:32:22.720 [JavaFX Application Thread] DEBUG GameApplication      - Closing logger and exiting JavaFX
