16:41:27.492 [main                     ] DEBUG GameApplication      - Logger initialized
16:41:27.522 [main                     ] DEBUG GameApplication      - Logging settings
Title: Pong
Version: 0.0
Width: 800
Height: 600
Fullscreen: false
Intro: false
Menus: false
Profiling: false
Single step:false
App Mode: DEVELOPER
Menu Key: ESCAPE
Stage Style: DECORATED
Scene Factory: class com.almasb.fxgl.app.scene.SceneFactory

16:41:27.998 [JavaFX Application Thread] DEBUG GameApplication      - Initializing FXGL
16:41:28.012 [JavaFX Application Thread] INFO  Engine               - FXGL-11.8 (08.03.2020 09.09) on LINUX (J:11.0.7 FX:13.0.2)
16:41:28.012 [JavaFX Application Thread] INFO  Engine               - Source code and latest versions at: https://github.com/AlmasB/FXGL
16:41:28.013 [JavaFX Application Thread] INFO  Engine               -              Join the FXGL chat at: https://gitter.im/AlmasB/FXGL
16:41:28.148 [JavaFX Application Thread] DEBUG MainWindow           - Creating a JavaFX scene
16:41:28.270 [JavaFX Application Thread] DEBUG MainWindow           - Target settings size: 800.0 x 600.0
16:41:28.271 [JavaFX Application Thread] DEBUG MainWindow           - Scaled scene size:    800.0 x 600.0
16:41:28.271 [JavaFX Application Thread] DEBUG MainWindow           - Scaled ratio: (1.0, 1.0)
16:41:28.272 [JavaFX Application Thread] DEBUG MainWindow           - Set initial scene to FXGLStartupScene
16:41:28.281 [JavaFX Application Thread] DEBUG MainWindow           - Opening main window
16:41:28.364 [JavaFX Application Thread] DEBUG MainWindow           - Window border size: (2.0, 29.0)
16:41:28.364 [JavaFX Application Thread] DEBUG MainWindow           - Scaled size: 800.0 x 600.0
16:41:28.364 [JavaFX Application Thread] DEBUG MainWindow           - Scaled ratio: (1.0, 1.0)
16:41:28.364 [JavaFX Application Thread] DEBUG MainWindow           - Scene size: 800.0 x 600.0
16:41:28.365 [JavaFX Application Thread] DEBUG MainWindow           - Stage size: 802.0 x 629.0
16:41:28.380 [FXGL Background Thread 1 ] DEBUG Engine               - Initializing environment variables
16:41:28.414 [FXGL Background Thread 1 ] DEBUG WindowService        - Applying CSS: fxgl_dark.css
16:41:28.415 [FXGL Background Thread 1 ] DEBUG AssetLoaderService   - Loading from file system: /assets/ui/css/fxgl_dark.css
16:41:28.478 [FXGL Background Thread 1 ] DEBUG WindowService        - Initializing application scenes
16:41:28.549 [FXGL Background Thread 1 ] DEBUG GameWorld            - Game world initialized
16:41:28.615 [FXGL Background Thread 1 ] DEBUG PhysicsWorld         - Physics world initialized: appHeight=600, physics.ppm=50.0
16:41:28.619 [FXGL Background Thread 1 ] DEBUG GameScene            - Game scene initialized: 800x600
16:41:28.630 [FXGL Background Thread 1 ] DEBUG Input                - Registered new binding: Resume - Esc
16:41:28.635 [FXGL Background Thread 1 ] DEBUG AssetLoaderService   - Loading from file system: /assets/textures/pause_menu_bg.png
16:41:28.690 [FXGL Background Thread 1 ] DEBUG Input                - Registered new binding: Pause - Esc
16:41:28.691 [FXGL Background Thread 1 ] DEBUG WindowService        - Application scenes initialized
16:41:28.699 [FXGL Background Thread 1 ] DEBUG SystemBundleService  - Loading FXGL system data
16:41:28.702 [FXGL Background Thread 1 ] DEBUG FileSystemAccess     - Reading from: /home/leo/Projects/capybaras/week-3/day-13/pong/system/fxgl.bundle
16:41:28.714 [FXGL Background Thread 1 ] DEBUG SystemBundleService  - Bundle FXGL: {}
16:41:28.715 [FXGL Background Thread 1 ] INFO  Engine               - FXGL initialization took: 0.333 sec
16:41:28.716 [FXGL Background Thread 1 ] DEBUG GameApplication      - Loading localizations
16:41:28.717 [FXGL Background Thread 1 ] DEBUG AssetLoaderService   - Loading from file system: /assets/properties/languages/english.properties
16:41:28.719 [FXGL Background Thread 1 ] DEBUG AssetLoaderService   - Loading from file system: /assets/properties/languages/french.properties
16:41:28.720 [FXGL Background Thread 1 ] DEBUG AssetLoaderService   - Loading from file system: /assets/properties/languages/german.properties
16:41:28.722 [FXGL Background Thread 1 ] DEBUG AssetLoaderService   - Loading from file system: /assets/properties/languages/hungarian.properties
16:41:28.724 [FXGL Background Thread 1 ] DEBUG AssetLoaderService   - Loading from file system: /assets/properties/languages/russian.properties
16:41:28.725 [FXGL Background Thread 1 ] DEBUG GameApplication      - Registering font factories with UI factory
16:41:28.726 [FXGL Background Thread 1 ] DEBUG AssetLoaderService   - Loading from file system: /assets/ui/fonts/VarelaRound-Regular.ttf
16:41:28.735 [FXGL Background Thread 1 ] DEBUG AssetLoaderService   - Loading from file system: /assets/ui/fonts/Abel-Regular.ttf
16:41:28.736 [FXGL Background Thread 1 ] DEBUG AssetLoaderService   - Loading from file system: /assets/ui/fonts/lucida_console.ttf
16:41:28.739 [FXGL Background Thread 1 ] DEBUG AssetLoaderService   - Loading from file system: /assets/ui/fonts/Courier-Prime.ttf
16:41:28.745 [JavaFX Application Thread] DEBUG Input                - Registered new binding: Up 1 - W
16:41:28.745 [JavaFX Application Thread] DEBUG Input                - Registered new binding: Down 1 - S
16:41:28.745 [JavaFX Application Thread] DEBUG Input                - Registered new binding: Up 2 - Numpad 8
16:41:28.745 [JavaFX Application Thread] DEBUG Input                - Registered new binding: Down 2 - Numpad 5
16:41:28.745 [JavaFX Application Thread] DEBUG Input                - Registered new binding: Reset Ball - R
16:41:28.746 [JavaFX Application Thread] DEBUG AssetLoaderService   - Loading from file system: /assets/textures/fxgl_icon.png
16:41:28.776 [JavaFX Application Thread] DEBUG AssetLoaderService   - Loading from file system: /assets/ui/cursors/fxgl_default.png
16:41:28.779 [JavaFX Application Thread] DEBUG Input                - Registered new binding: Screenshot - P
16:41:28.783 [JavaFX Application Thread] DEBUG Input                - Registered new binding: System info dump - CTRL+9
16:41:28.783 [JavaFX Application Thread] DEBUG Input                - Registered new binding: Restart - CTRL+R
16:41:28.785 [JavaFX Application Thread] DEBUG LoopRunner           - Starting loop
16:41:28.797 [JavaFX Application Thread] DEBUG FXGLStartupScene     - STARTUP
16:41:28.798 [JavaFX Application Thread] DEBUG WindowService        - Starting new game
16:41:28.799 [JavaFX Application Thread] DEBUG Input                - Clearing active input actions
16:41:28.811 [JavaFX Application Thread] DEBUG WindowService        - Removing overlay from FXGLStartupScene and adding to FXGLLoadingScene
16:41:28.811 [JavaFX Application Thread] DEBUG MainWindow           - FXGLStartupScene -> FXGLLoadingScene
16:41:28.811 [JavaFX Application Thread] DEBUG WindowService        - Clearing previous game
16:41:28.811 [JavaFX Application Thread] DEBUG GameScene            - Clearing game scene
16:41:28.812 [JavaFX Application Thread] DEBUG GameWorld            - Clearing game world
16:41:28.812 [JavaFX Application Thread] DEBUG PhysicsWorld         - Clearing physics world
16:41:28.813 [FXGL Background Thread 1 ] DEBUG GameApplication      - Initializing game
16:41:28.824 [FXGL Background Thread 1 ] INFO  GameApplication      - Game initialization took: 0.011 sec
16:41:28.915 [JavaFX Application Thread] DEBUG Input                - Clearing active input actions
16:41:28.925 [JavaFX Application Thread] DEBUG WindowService        - Removing overlay from FXGLLoadingScene and adding to GameScene
16:41:28.927 [JavaFX Application Thread] DEBUG MainWindow           - FXGLLoadingScene -> GameScene
16:41:30.204 [JavaFX Application Thread] DEBUG Input                - Registered new binding: Continue - Y
16:41:30.221 [JavaFX Application Thread] DEBUG LoopRunner           - Stopping loop
16:41:31.716 [FXGL Background Thread 2 ] DEBUG Engine               - Logging environment variables
16:41:31.716 [FXGL Background Thread 2 ] DEBUG Engine               - achievements: []
16:41:31.716 [FXGL Background Thread 2 ] DEBUG Engine               - language: ObjectProperty [value: ENGLISH]
16:41:31.717 [FXGL Background Thread 2 ] DEBUG Engine               - isCloseConfirmation: false
16:41:31.717 [FXGL Background Thread 2 ] DEBUG Engine               - isProfilingEnabled: false
16:41:31.717 [FXGL Background Thread 2 ] DEBUG Engine               - soundNotification: core/notification.wav
16:41:31.717 [FXGL Background Thread 2 ] DEBUG Engine               - devShowBBoxProperty: BooleanProperty [value: false]
16:41:31.718 [FXGL Background Thread 2 ] DEBUG Engine               - pixelsPerMeter: 50.0
16:41:31.718 [FXGL Background Thread 2 ] DEBUG Engine               - appIcon: fxgl_icon.png
16:41:31.718 [FXGL Background Thread 2 ] DEBUG Engine               - soundMenuBack: menu/back.wav
16:41:31.718 [FXGL Background Thread 2 ] DEBUG Engine               - isFullScreenAllowed: false
16:41:31.718 [FXGL Background Thread 2 ] DEBUG Engine               - isIntroEnabled: false
16:41:31.719 [FXGL Background Thread 2 ] DEBUG Engine               - fontMono: lucida_console.ttf
16:41:31.719 [FXGL Background Thread 2 ] DEBUG Engine               - soundMenuSelect: menu/select.wav
16:41:31.719 [FXGL Background Thread 2 ] DEBUG Engine               - isWindows: false
16:41:31.719 [FXGL Background Thread 2 ] DEBUG Engine               - isMobile: false
16:41:31.720 [FXGL Background Thread 2 ] DEBUG Engine               - isUserProfileEnabled: false
16:41:31.720 [FXGL Background Thread 2 ] DEBUG Engine               - height: 600
16:41:31.720 [FXGL Background Thread 2 ] DEBUG Engine               - isExperimentalNative: false
16:41:31.720 [FXGL Background Thread 2 ] DEBUG Engine               - settings: Title: Pong
Version: 0.0
Width: 800
Height: 600
Fullscreen: false
Intro: false
Menus: false
Profiling: false
Single step:false
App Mode: DEVELOPER
Menu Key: ESCAPE
Stage Style: DECORATED
Scene Factory: class com.almasb.fxgl.app.scene.SceneFactory

16:41:31.720 [FXGL Background Thread 2 ] DEBUG Engine               - isSingleStep: false
16:41:31.721 [FXGL Background Thread 2 ] DEBUG Engine               - cSSList: [fxgl_dark.css]
16:41:31.721 [FXGL Background Thread 2 ] DEBUG Engine               - fontGame: Abel-Regular.ttf
16:41:31.721 [FXGL Background Thread 2 ] DEBUG Engine               - menuKey: ESCAPE
16:41:31.721 [FXGL Background Thread 2 ] DEBUG Engine               - devShowPositionProperty: BooleanProperty [value: false]
16:41:31.721 [FXGL Background Thread 2 ] DEBUG Engine               - versionCheckDays: 7
16:41:31.722 [FXGL Background Thread 2 ] DEBUG Engine               - configClass: Optional.empty
16:41:31.722 [FXGL Background Thread 2 ] DEBUG Engine               - isFullScreenFromStart: false
16:41:31.722 [FXGL Background Thread 2 ] DEBUG Engine               - version: 0.0
16:41:31.722 [FXGL Background Thread 2 ] DEBUG Engine               - fullScreen: BooleanProperty [value: false]
16:41:31.722 [FXGL Background Thread 2 ] DEBUG Engine               - randomSeed: -1
16:41:31.723 [FXGL Background Thread 2 ] DEBUG Engine               - gameDifficultyProperty: ObjectProperty [value: MEDIUM]
16:41:31.723 [FXGL Background Thread 2 ] DEBUG Engine               - applicationMode: DEVELOPER
16:41:31.723 [FXGL Background Thread 2 ] DEBUG Engine               - isMac: false
16:41:31.723 [FXGL Background Thread 2 ] DEBUG Engine               - isMenuEnabled: false
16:41:31.723 [FXGL Background Thread 2 ] DEBUG Engine               - urlPOM: https://raw.githubusercontent.com/AlmasB/FXGL/master/pom.xml
16:41:31.724 [FXGL Background Thread 2 ] DEBUG Engine               - profileName: StringProperty [value: DEFAULT]
16:41:31.724 [FXGL Background Thread 2 ] DEBUG Engine               - notificationViewClass: class com.almasb.fxgl.notification.view.XboxNotificationView
16:41:31.724 [FXGL Background Thread 2 ] DEBUG Engine               - devSensorColorProperty: ObjectProperty [value: 0xffff00ff]
16:41:31.724 [FXGL Background Thread 2 ] DEBUG Engine               - sceneFactory: com.almasb.fxgl.app.scene.SceneFactory@31467dce
16:41:31.724 [FXGL Background Thread 2 ] DEBUG Engine               - stageStyle: DECORATED
16:41:31.725 [FXGL Background Thread 2 ] DEBUG Engine               - isManualResizeEnabled: false
16:41:31.725 [FXGL Background Thread 2 ] DEBUG Engine               - title: Pong
16:41:31.725 [FXGL Background Thread 2 ] DEBUG Engine               - platform: LINUX
16:41:31.725 [FXGL Background Thread 2 ] DEBUG Engine               - devBBoxColorProperty: ObjectProperty [value: 0xff0000ff]
16:41:31.725 [FXGL Background Thread 2 ] DEBUG Engine               - gameDifficulty: MEDIUM
16:41:31.725 [FXGL Background Thread 2 ] DEBUG Engine               - isDesktop: true
16:41:31.725 [FXGL Background Thread 2 ] DEBUG Engine               - supportedLanguages: [ENGLISH, FRENCH, GERMAN, HUNGARIAN, RUSSIAN]
16:41:31.725 [FXGL Background Thread 2 ] DEBUG Engine               - credits: []
16:41:31.725 [FXGL Background Thread 2 ] DEBUG Engine               - globalMusicVolumeProperty: DoubleProperty [value: 0.5]
16:41:31.725 [FXGL Background Thread 2 ] DEBUG Engine               - isPreserveResizeRatio: false
16:41:31.725 [FXGL Background Thread 2 ] DEBUG Engine               - fontText: Courier-Prime.ttf
16:41:31.725 [FXGL Background Thread 2 ] DEBUG Engine               - isExperimentalTiledLargeMap: false
16:41:31.725 [FXGL Background Thread 2 ] DEBUG Engine               - secondsIn24h: 60
16:41:31.726 [FXGL Background Thread 2 ] DEBUG Engine               - runtimeInfo: RuntimeInfo(platform=LINUX, version=11.8, build=08.03.2020 09.09)
16:41:31.726 [FXGL Background Thread 2 ] DEBUG Engine               - isLinux: true
16:41:31.726 [FXGL Background Thread 2 ] DEBUG Engine               - soundMenuPress: menu/press.wav
16:41:31.726 [FXGL Background Thread 2 ] DEBUG Engine               - urlGithub: https://github.com/AlmasB/FXGL
16:41:31.726 [FXGL Background Thread 2 ] DEBUG Engine               - profileDir: profiles/
16:41:31.726 [FXGL Background Thread 2 ] DEBUG Engine               - isDeveloperMenuEnabled: false
16:41:31.727 [FXGL Background Thread 2 ] DEBUG Engine               - globalSoundVolumeProperty: DoubleProperty [value: 0.5]
16:41:31.727 [FXGL Background Thread 2 ] DEBUG Engine               - mainWindow: com.almasb.fxgl.app.MainWindow@3579ff3e
16:41:31.727 [FXGL Background Thread 2 ] DEBUG Engine               - isBrowser: false
16:41:31.727 [FXGL Background Thread 2 ] DEBUG Engine               - urlLeaderboard: http://fxgl-top.herokuapp.com/
16:41:31.727 [FXGL Background Thread 2 ] DEBUG Engine               - globalSoundVolume: 0.5
16:41:31.727 [FXGL Background Thread 2 ] DEBUG Engine               - engineServices: [class com.almasb.fxgl.app.GameApplication$GameApplicationService, class com.almasb.fxgl.app.services.WindowService, class com.almasb.fxgl.app.services.FXGLDialogService, class com.almasb.fxgl.app.services.IOTaskExecutorService, class com.almasb.fxgl.event.EventBusService, class com.almasb.fxgl.io.FileSystemService, class com.almasb.fxgl.localization.LocalizationService, class com.almasb.fxgl.app.services.AssetLoaderService, class com.almasb.fxgl.app.services.SystemBundleService, class com.almasb.fxgl.profile.SaveLoadService, class com.almasb.fxgl.ui.FXGLUIFactoryServiceProvider, class com.almasb.fxgl.ui.FXGLDialogFactoryServiceProvider, class com.almasb.fxgl.audio.AudioPlayer, class com.almasb.fxgl.notification.impl.NotificationServiceProvider, class com.almasb.fxgl.achievement.AchievementService, class com.almasb.fxgl.cutscene.CutsceneService, class com.almasb.fxgl.minigames.MiniGameService, class com.almasb.fxgl.net.NetService, class com.almasb.fxgl.app.services.UpdaterService]
16:41:31.727 [FXGL Background Thread 2 ] DEBUG Engine               - globalMusicVolume: 0.5
16:41:31.727 [FXGL Background Thread 2 ] DEBUG Engine               - width: 800
16:41:31.727 [FXGL Background Thread 2 ] DEBUG Engine               - saveFileExt: sav
16:41:31.727 [FXGL Background Thread 2 ] DEBUG Engine               - isAndroid: false
16:41:31.727 [FXGL Background Thread 2 ] DEBUG Engine               - fontUI: VarelaRound-Regular.ttf
16:41:31.727 [FXGL Background Thread 2 ] DEBUG Engine               - enabledMenuItems: []
16:41:31.727 [FXGL Background Thread 2 ] DEBUG Engine               - isIOS: false
16:41:31.727 [FXGL Background Thread 2 ] DEBUG Engine               - Logging services
16:41:31.727 [FXGL Background Thread 2 ] DEBUG Engine               - class com.almasb.fxgl.app.GameApplication$GameApplicationService
16:41:31.728 [FXGL Background Thread 2 ] DEBUG Engine               - class com.almasb.fxgl.app.services.WindowService
16:41:31.728 [FXGL Background Thread 2 ] DEBUG Engine               - class com.almasb.fxgl.app.services.FXGLDialogService
16:41:31.728 [FXGL Background Thread 2 ] DEBUG Engine               - class com.almasb.fxgl.app.services.IOTaskExecutorService
16:41:31.728 [FXGL Background Thread 2 ] DEBUG Engine               - class com.almasb.fxgl.event.EventBusService
16:41:31.728 [FXGL Background Thread 2 ] DEBUG Engine               - class com.almasb.fxgl.io.FileSystemService
16:41:31.728 [FXGL Background Thread 2 ] DEBUG Engine               - class com.almasb.fxgl.localization.LocalizationService
16:41:31.728 [FXGL Background Thread 2 ] DEBUG Engine               - class com.almasb.fxgl.app.services.AssetLoaderService
16:41:31.728 [FXGL Background Thread 2 ] DEBUG Engine               - class com.almasb.fxgl.app.services.SystemBundleService
16:41:31.728 [FXGL Background Thread 2 ] DEBUG Engine               - class com.almasb.fxgl.profile.SaveLoadService
16:41:31.728 [FXGL Background Thread 2 ] DEBUG Engine               - class com.almasb.fxgl.ui.FXGLUIFactoryServiceProvider
16:41:31.728 [FXGL Background Thread 2 ] DEBUG Engine               - class com.almasb.fxgl.ui.FXGLDialogFactoryServiceProvider
16:41:31.728 [FXGL Background Thread 2 ] DEBUG Engine               - class com.almasb.fxgl.audio.AudioPlayer
16:41:31.728 [FXGL Background Thread 2 ] DEBUG Engine               - class com.almasb.fxgl.notification.impl.NotificationServiceProvider
16:41:31.728 [FXGL Background Thread 2 ] DEBUG Engine               - class com.almasb.fxgl.achievement.AchievementService
16:41:31.728 [FXGL Background Thread 2 ] DEBUG Engine               - class com.almasb.fxgl.cutscene.CutsceneService
16:41:31.728 [FXGL Background Thread 2 ] DEBUG Engine               - class com.almasb.fxgl.minigames.MiniGameService
16:41:31.728 [FXGL Background Thread 2 ] DEBUG Engine               - class com.almasb.fxgl.net.NetService
16:41:31.729 [FXGL Background Thread 2 ] DEBUG Engine               - class com.almasb.fxgl.app.services.UpdaterService
16:41:41.831 [JavaFX Application Thread] FATAL GameApplication      - Uncaught Exception:

Fatal exception occurred: java.lang.IllegalArgumentException : Action already exists: Continue
E: com.almasb.fxgl.input.Input.addBinding(Input.kt:306)
E: com.almasb.fxgl.input.Input.addAction(Input.kt:302)
E: com.almasb.fxgl.input.Input.addAction$default(Input.kt:299)
E: com.almasb.fxgl.input.Input.addAction(Input.kt)
E: PongApp.resetBall(PongApp.java:186)
E: PongApp.onUpdate(PongApp.java:155)
E: com.almasb.fxgl.app.GameApplication$GameApplicationService.onGameUpdate(GameApplication.java:384)
E: com.almasb.fxgl.app.Engine.onGameUpdate(Engine.kt:133)
E: com.almasb.fxgl.app.GameApplication$FXGLApplication.lambda$postServicesInit$4(GameApplication.java:268)
E: com.almasb.fxgl.scene.Scene.update(Scene.kt:77)
E: com.almasb.fxgl.app.MainWindow$update$1.invoke(MainWindow.kt:208)
E: com.almasb.fxgl.app.MainWindow$update$1.invoke(MainWindow.kt:38)
E: com.almasb.fxgl.core.fsm.StateMachine.runOnActiveStates(StateMachine.kt:60)
E: com.almasb.fxgl.app.MainWindow.update(MainWindow.kt:208)
E: com.almasb.fxgl.app.services.WindowService.onUpdate(WindowService.kt:115)
E: com.almasb.fxgl.app.Engine.loop(Engine.kt:129)
E: com.almasb.fxgl.app.Engine.access$loop(Engine.kt:25)
E: com.almasb.fxgl.app.Engine$loop$1.invoke(Engine.kt:29)
E: com.almasb.fxgl.app.Engine$loop$1.invoke(Engine.kt:25)
E: com.almasb.fxgl.app.LoopRunner.frame(LoopRunner.kt:86)
E: com.almasb.fxgl.app.LoopRunner.access$frame(LoopRunner.kt:17)
E: com.almasb.fxgl.app.LoopRunner$impl$2$1.handle(LoopRunner.kt:37)
E: javafx.animation.AnimationTimer$AnimationTimerReceiver.lambda$handle$0(AnimationTimer.java:57)
E: java.base/java.security.AccessController.doPrivileged(Native Method)
E: javafx.animation.AnimationTimer$AnimationTimerReceiver.handle(AnimationTimer.java:56)
E: com.sun.scenario.animation.AbstractMasterTimer.timePulseImpl(AbstractMasterTimer.java:357)
E: com.sun.scenario.animation.AbstractMasterTimer$MainLoop.run(AbstractMasterTimer.java:267)
E: com.sun.javafx.tk.quantum.QuantumToolkit.pulse(QuantumToolkit.java:559)
E: com.sun.javafx.tk.quantum.QuantumToolkit.pulse(QuantumToolkit.java:543)
E: com.sun.javafx.tk.quantum.QuantumToolkit.pulseFromQueue(QuantumToolkit.java:536)
E: com.sun.javafx.tk.quantum.QuantumToolkit.lambda$runToolkit$11(QuantumToolkit.java:342)
E: com.sun.glass.ui.InvokeLaterDispatcher$Future.run(InvokeLaterDispatcher.java:96)
E: com.sun.glass.ui.gtk.GtkApplication._runLoop(Native Method)
E: com.sun.glass.ui.gtk.GtkApplication.lambda$runLoop$11(GtkApplication.java:277)
E: java.base/java.lang.Thread.run(Thread.java:834)

16:41:41.831 [JavaFX Application Thread] FATAL GameApplication      - Application will now exit
16:41:41.831 [JavaFX Application Thread] DEBUG GameApplication      - Exiting FXGL
16:41:41.831 [JavaFX Application Thread] DEBUG GameApplication      - Shutting down background threads
16:41:41.832 [JavaFX Application Thread] DEBUG GameApplication      - Closing logger and exiting JavaFX
