15:19:11.887 [main                     ] DEBUG GameApplication      - Logger initialized
15:19:11.918 [main                     ] DEBUG GameApplication      - Logging settings
Title: Pong
Version: 0.0
Width: 800
Height: 600
Fullscreen: false
Intro: false
Menus: false
Profiling: false
Single step:false
App Mode: DEVELOPER
Menu Key: ESCAPE
Stage Style: DECORATED
Scene Factory: class com.almasb.fxgl.app.scene.SceneFactory

15:19:12.351 [JavaFX Application Thread] DEBUG GameApplication      - Initializing FXGL
15:19:12.368 [JavaFX Application Thread] INFO  Engine               - FXGL-11.8 (08.03.2020 09.09) on LINUX (J:11.0.7 FX:13.0.2)
15:19:12.369 [JavaFX Application Thread] INFO  Engine               - Source code and latest versions at: https://github.com/AlmasB/FXGL
15:19:12.369 [JavaFX Application Thread] INFO  Engine               -              Join the FXGL chat at: https://gitter.im/AlmasB/FXGL
15:19:12.505 [JavaFX Application Thread] DEBUG MainWindow           - Creating a JavaFX scene
15:19:12.600 [JavaFX Application Thread] DEBUG MainWindow           - Target settings size: 800.0 x 600.0
15:19:12.600 [JavaFX Application Thread] DEBUG MainWindow           - Scaled scene size:    800.0 x 600.0
15:19:12.601 [JavaFX Application Thread] DEBUG MainWindow           - Scaled ratio: (1.0, 1.0)
15:19:12.602 [JavaFX Application Thread] DEBUG MainWindow           - Set initial scene to FXGLStartupScene
15:19:12.608 [JavaFX Application Thread] DEBUG MainWindow           - Opening main window
15:19:12.677 [JavaFX Application Thread] DEBUG MainWindow           - Window border size: (2.0, 29.0)
15:19:12.677 [JavaFX Application Thread] DEBUG MainWindow           - Scaled size: 800.0 x 600.0
15:19:12.677 [JavaFX Application Thread] DEBUG MainWindow           - Scaled ratio: (1.0, 1.0)
15:19:12.677 [JavaFX Application Thread] DEBUG MainWindow           - Scene size: 800.0 x 600.0
15:19:12.678 [JavaFX Application Thread] DEBUG MainWindow           - Stage size: 802.0 x 629.0
15:19:12.691 [FXGL Background Thread 1 ] DEBUG Engine               - Initializing environment variables
15:19:12.727 [FXGL Background Thread 1 ] DEBUG WindowService        - Applying CSS: fxgl_dark.css
15:19:12.728 [FXGL Background Thread 1 ] DEBUG AssetLoaderService   - Loading from file system: /assets/ui/css/fxgl_dark.css
15:19:12.851 [FXGL Background Thread 1 ] DEBUG WindowService        - Initializing application scenes
15:19:12.902 [FXGL Background Thread 1 ] DEBUG GameWorld            - Game world initialized
15:19:13.024 [FXGL Background Thread 1 ] DEBUG PhysicsWorld         - Physics world initialized: appHeight=600, physics.ppm=50.0
15:19:13.033 [FXGL Background Thread 1 ] DEBUG GameScene            - Game scene initialized: 800x600
15:19:13.043 [FXGL Background Thread 1 ] DEBUG Input                - Registered new binding: Resume - Esc
15:19:13.054 [FXGL Background Thread 1 ] DEBUG AssetLoaderService   - Loading from file system: /assets/textures/pause_menu_bg.png
15:19:13.126 [FXGL Background Thread 1 ] DEBUG Input                - Registered new binding: Pause - Esc
15:19:13.127 [FXGL Background Thread 1 ] DEBUG WindowService        - Application scenes initialized
15:19:13.142 [FXGL Background Thread 1 ] DEBUG SystemBundleService  - Loading default FXGL system data
15:19:13.143 [FXGL Background Thread 1 ] INFO  Engine               - FXGL initialization took: 0.450 sec
15:19:13.144 [FXGL Background Thread 1 ] DEBUG GameApplication      - Loading localizations
15:19:13.145 [FXGL Background Thread 1 ] DEBUG AssetLoaderService   - Loading from file system: /assets/properties/languages/english.properties
15:19:13.149 [FXGL Background Thread 1 ] DEBUG AssetLoaderService   - Loading from file system: /assets/properties/languages/french.properties
15:19:13.150 [FXGL Background Thread 1 ] DEBUG AssetLoaderService   - Loading from file system: /assets/properties/languages/german.properties
15:19:13.151 [FXGL Background Thread 1 ] DEBUG AssetLoaderService   - Loading from file system: /assets/properties/languages/hungarian.properties
15:19:13.153 [FXGL Background Thread 1 ] DEBUG AssetLoaderService   - Loading from file system: /assets/properties/languages/russian.properties
15:19:13.155 [FXGL Background Thread 1 ] DEBUG GameApplication      - Registering font factories with UI factory
15:19:13.155 [FXGL Background Thread 1 ] DEBUG AssetLoaderService   - Loading from file system: /assets/ui/fonts/VarelaRound-Regular.ttf
15:19:13.170 [FXGL Background Thread 1 ] DEBUG AssetLoaderService   - Loading from file system: /assets/ui/fonts/Abel-Regular.ttf
15:19:13.172 [FXGL Background Thread 1 ] DEBUG AssetLoaderService   - Loading from file system: /assets/ui/fonts/lucida_console.ttf
15:19:13.180 [FXGL Background Thread 1 ] DEBUG AssetLoaderService   - Loading from file system: /assets/ui/fonts/Courier-Prime.ttf
15:19:13.194 [JavaFX Application Thread] DEBUG Input                - Registered new binding: Up 1 - W
15:19:13.194 [JavaFX Application Thread] DEBUG Input                - Registered new binding: Down 1 - S
15:19:13.195 [JavaFX Application Thread] DEBUG Input                - Registered new binding: Up 2 - Up
15:19:13.196 [JavaFX Application Thread] DEBUG Input                - Registered new binding: Down 2 - Down
15:19:13.196 [JavaFX Application Thread] DEBUG AssetLoaderService   - Loading from file system: /assets/textures/fxgl_icon.png
15:19:13.226 [JavaFX Application Thread] DEBUG AssetLoaderService   - Loading from file system: /assets/ui/cursors/fxgl_default.png
15:19:13.233 [JavaFX Application Thread] DEBUG Input                - Registered new binding: Screenshot - P
15:19:13.233 [JavaFX Application Thread] DEBUG Input                - Registered new binding: System info dump - CTRL+9
15:19:13.234 [JavaFX Application Thread] DEBUG Input                - Registered new binding: Restart - CTRL+R
15:19:13.235 [JavaFX Application Thread] DEBUG LoopRunner           - Starting loop
15:19:13.246 [JavaFX Application Thread] DEBUG FXGLStartupScene     - STARTUP
15:19:13.247 [JavaFX Application Thread] DEBUG WindowService        - Starting new game
15:19:13.250 [JavaFX Application Thread] DEBUG Input                - Clearing active input actions
15:19:13.265 [JavaFX Application Thread] DEBUG WindowService        - Removing overlay from FXGLStartupScene and adding to FXGLLoadingScene
15:19:13.266 [JavaFX Application Thread] DEBUG MainWindow           - FXGLStartupScene -> FXGLLoadingScene
15:19:13.266 [JavaFX Application Thread] DEBUG WindowService        - Clearing previous game
15:19:13.266 [JavaFX Application Thread] DEBUG GameScene            - Clearing game scene
15:19:13.266 [JavaFX Application Thread] DEBUG GameWorld            - Clearing game world
15:19:13.266 [JavaFX Application Thread] DEBUG PhysicsWorld         - Clearing physics world
15:19:13.268 [FXGL Background Thread 1 ] DEBUG GameApplication      - Initializing game
15:19:13.296 [FXGL Background Thread 1 ] INFO  GameApplication      - Game initialization took: 0.021 sec
15:19:13.424 [JavaFX Application Thread] DEBUG Input                - Clearing active input actions
15:19:13.438 [JavaFX Application Thread] DEBUG WindowService        - Removing overlay from FXGLLoadingScene and adding to GameScene
15:19:13.438 [JavaFX Application Thread] DEBUG MainWindow           - FXGLLoadingScene -> GameScene
15:19:16.144 [FXGL Background Thread 2 ] DEBUG Engine               - Logging environment variables
15:19:16.144 [FXGL Background Thread 2 ] DEBUG Engine               - achievements: []
15:19:16.144 [FXGL Background Thread 2 ] DEBUG Engine               - language: ObjectProperty [value: ENGLISH]
15:19:16.144 [FXGL Background Thread 2 ] DEBUG Engine               - isCloseConfirmation: false
15:19:16.145 [FXGL Background Thread 2 ] DEBUG Engine               - isProfilingEnabled: false
15:19:16.145 [FXGL Background Thread 2 ] DEBUG Engine               - soundNotification: core/notification.wav
15:19:16.145 [FXGL Background Thread 2 ] DEBUG Engine               - devShowBBoxProperty: BooleanProperty [value: false]
15:19:16.145 [FXGL Background Thread 2 ] DEBUG Engine               - pixelsPerMeter: 50.0
15:19:16.145 [FXGL Background Thread 2 ] DEBUG Engine               - appIcon: fxgl_icon.png
15:19:16.145 [FXGL Background Thread 2 ] DEBUG Engine               - soundMenuBack: menu/back.wav
15:19:16.146 [FXGL Background Thread 2 ] DEBUG Engine               - isFullScreenAllowed: false
15:19:16.146 [FXGL Background Thread 2 ] DEBUG Engine               - isIntroEnabled: false
15:19:16.146 [FXGL Background Thread 2 ] DEBUG Engine               - fontMono: lucida_console.ttf
15:19:16.146 [FXGL Background Thread 2 ] DEBUG Engine               - soundMenuSelect: menu/select.wav
15:19:16.146 [FXGL Background Thread 2 ] DEBUG Engine               - isWindows: false
15:19:16.146 [FXGL Background Thread 2 ] DEBUG Engine               - isMobile: false
15:19:16.147 [FXGL Background Thread 2 ] DEBUG Engine               - isUserProfileEnabled: false
15:19:16.147 [FXGL Background Thread 2 ] DEBUG Engine               - height: 600
15:19:16.147 [FXGL Background Thread 2 ] DEBUG Engine               - isExperimentalNative: false
15:19:16.147 [FXGL Background Thread 2 ] DEBUG Engine               - settings: Title: Pong
Version: 0.0
Width: 800
Height: 600
Fullscreen: false
Intro: false
Menus: false
Profiling: false
Single step:false
App Mode: DEVELOPER
Menu Key: ESCAPE
Stage Style: DECORATED
Scene Factory: class com.almasb.fxgl.app.scene.SceneFactory

15:19:16.147 [FXGL Background Thread 2 ] DEBUG Engine               - isSingleStep: false
15:19:16.147 [FXGL Background Thread 2 ] DEBUG Engine               - cSSList: [fxgl_dark.css]
15:19:16.148 [FXGL Background Thread 2 ] DEBUG Engine               - fontGame: Abel-Regular.ttf
15:19:16.148 [FXGL Background Thread 2 ] DEBUG Engine               - menuKey: ESCAPE
15:19:16.148 [FXGL Background Thread 2 ] DEBUG Engine               - devShowPositionProperty: BooleanProperty [value: false]
15:19:16.148 [FXGL Background Thread 2 ] DEBUG Engine               - versionCheckDays: 7
15:19:16.148 [FXGL Background Thread 2 ] DEBUG Engine               - configClass: Optional.empty
15:19:16.148 [FXGL Background Thread 2 ] DEBUG Engine               - isFullScreenFromStart: false
15:19:16.148 [FXGL Background Thread 2 ] DEBUG Engine               - version: 0.0
15:19:16.148 [FXGL Background Thread 2 ] DEBUG Engine               - fullScreen: BooleanProperty [value: false]
15:19:16.148 [FXGL Background Thread 2 ] DEBUG Engine               - randomSeed: -1
15:19:16.149 [FXGL Background Thread 2 ] DEBUG Engine               - gameDifficultyProperty: ObjectProperty [value: MEDIUM]
15:19:16.149 [FXGL Background Thread 2 ] DEBUG Engine               - applicationMode: DEVELOPER
15:19:16.149 [FXGL Background Thread 2 ] DEBUG Engine               - isMac: false
15:19:16.149 [FXGL Background Thread 2 ] DEBUG Engine               - isMenuEnabled: false
15:19:16.149 [FXGL Background Thread 2 ] DEBUG Engine               - urlPOM: https://raw.githubusercontent.com/AlmasB/FXGL/master/pom.xml
15:19:16.149 [FXGL Background Thread 2 ] DEBUG Engine               - profileName: StringProperty [value: DEFAULT]
15:19:16.149 [FXGL Background Thread 2 ] DEBUG Engine               - notificationViewClass: class com.almasb.fxgl.notification.view.XboxNotificationView
15:19:16.149 [FXGL Background Thread 2 ] DEBUG Engine               - devSensorColorProperty: ObjectProperty [value: 0xffff00ff]
15:19:16.150 [FXGL Background Thread 2 ] DEBUG Engine               - sceneFactory: com.almasb.fxgl.app.scene.SceneFactory@45ad5509
15:19:16.150 [FXGL Background Thread 2 ] DEBUG Engine               - stageStyle: DECORATED
15:19:16.150 [FXGL Background Thread 2 ] DEBUG Engine               - isManualResizeEnabled: false
15:19:16.150 [FXGL Background Thread 2 ] DEBUG Engine               - title: Pong
15:19:16.150 [FXGL Background Thread 2 ] DEBUG Engine               - platform: LINUX
15:19:16.150 [FXGL Background Thread 2 ] DEBUG Engine               - devBBoxColorProperty: ObjectProperty [value: 0xff0000ff]
15:19:16.150 [FXGL Background Thread 2 ] DEBUG Engine               - gameDifficulty: MEDIUM
15:19:16.150 [FXGL Background Thread 2 ] DEBUG Engine               - isDesktop: true
15:19:16.150 [FXGL Background Thread 2 ] DEBUG Engine               - supportedLanguages: [ENGLISH, FRENCH, GERMAN, HUNGARIAN, RUSSIAN]
15:19:16.150 [FXGL Background Thread 2 ] DEBUG Engine               - credits: []
15:19:16.150 [FXGL Background Thread 2 ] DEBUG Engine               - globalMusicVolumeProperty: DoubleProperty [value: 0.5]
15:19:16.150 [FXGL Background Thread 2 ] DEBUG Engine               - isPreserveResizeRatio: false
15:19:16.151 [FXGL Background Thread 2 ] DEBUG Engine               - fontText: Courier-Prime.ttf
15:19:16.151 [FXGL Background Thread 2 ] DEBUG Engine               - isExperimentalTiledLargeMap: false
15:19:16.151 [FXGL Background Thread 2 ] DEBUG Engine               - secondsIn24h: 60
15:19:16.151 [FXGL Background Thread 2 ] DEBUG Engine               - runtimeInfo: RuntimeInfo(platform=LINUX, version=11.8, build=08.03.2020 09.09)
15:19:16.151 [FXGL Background Thread 2 ] DEBUG Engine               - isLinux: true
15:19:16.151 [FXGL Background Thread 2 ] DEBUG Engine               - soundMenuPress: menu/press.wav
15:19:16.151 [FXGL Background Thread 2 ] DEBUG Engine               - urlGithub: https://github.com/AlmasB/FXGL
15:19:16.151 [FXGL Background Thread 2 ] DEBUG Engine               - profileDir: profiles/
15:19:16.151 [FXGL Background Thread 2 ] DEBUG Engine               - isDeveloperMenuEnabled: false
15:19:16.151 [FXGL Background Thread 2 ] DEBUG Engine               - globalSoundVolumeProperty: DoubleProperty [value: 0.5]
15:19:16.151 [FXGL Background Thread 2 ] DEBUG Engine               - mainWindow: com.almasb.fxgl.app.MainWindow@4192c964
15:19:16.151 [FXGL Background Thread 2 ] DEBUG Engine               - isBrowser: false
15:19:16.151 [FXGL Background Thread 2 ] DEBUG Engine               - urlLeaderboard: http://fxgl-top.herokuapp.com/
15:19:16.152 [FXGL Background Thread 2 ] DEBUG Engine               - globalSoundVolume: 0.5
15:19:16.152 [FXGL Background Thread 2 ] DEBUG Engine               - engineServices: [class com.almasb.fxgl.app.GameApplication$GameApplicationService, class com.almasb.fxgl.app.services.WindowService, class com.almasb.fxgl.app.services.FXGLDialogService, class com.almasb.fxgl.app.services.IOTaskExecutorService, class com.almasb.fxgl.event.EventBusService, class com.almasb.fxgl.io.FileSystemService, class com.almasb.fxgl.localization.LocalizationService, class com.almasb.fxgl.app.services.AssetLoaderService, class com.almasb.fxgl.app.services.SystemBundleService, class com.almasb.fxgl.profile.SaveLoadService, class com.almasb.fxgl.ui.FXGLUIFactoryServiceProvider, class com.almasb.fxgl.ui.FXGLDialogFactoryServiceProvider, class com.almasb.fxgl.audio.AudioPlayer, class com.almasb.fxgl.notification.impl.NotificationServiceProvider, class com.almasb.fxgl.achievement.AchievementService, class com.almasb.fxgl.cutscene.CutsceneService, class com.almasb.fxgl.minigames.MiniGameService, class com.almasb.fxgl.net.NetService, class com.almasb.fxgl.app.services.UpdaterService]
15:19:16.152 [FXGL Background Thread 2 ] DEBUG Engine               - globalMusicVolume: 0.5
15:19:16.152 [FXGL Background Thread 2 ] DEBUG Engine               - width: 800
15:19:16.152 [FXGL Background Thread 2 ] DEBUG Engine               - saveFileExt: sav
15:19:16.152 [FXGL Background Thread 2 ] DEBUG Engine               - isAndroid: false
15:19:16.152 [FXGL Background Thread 2 ] DEBUG Engine               - fontUI: VarelaRound-Regular.ttf
15:19:16.152 [FXGL Background Thread 2 ] DEBUG Engine               - enabledMenuItems: []
15:19:16.152 [FXGL Background Thread 2 ] DEBUG Engine               - isIOS: false
15:19:16.153 [FXGL Background Thread 2 ] DEBUG Engine               - Logging services
15:19:16.153 [FXGL Background Thread 2 ] DEBUG Engine               - class com.almasb.fxgl.app.GameApplication$GameApplicationService
15:19:16.153 [FXGL Background Thread 2 ] DEBUG Engine               - class com.almasb.fxgl.app.services.WindowService
15:19:16.153 [FXGL Background Thread 2 ] DEBUG Engine               - class com.almasb.fxgl.app.services.FXGLDialogService
15:19:16.153 [FXGL Background Thread 2 ] DEBUG Engine               - class com.almasb.fxgl.app.services.IOTaskExecutorService
15:19:16.153 [FXGL Background Thread 2 ] DEBUG Engine               - class com.almasb.fxgl.event.EventBusService
15:19:16.153 [FXGL Background Thread 2 ] DEBUG Engine               - class com.almasb.fxgl.io.FileSystemService
15:19:16.153 [FXGL Background Thread 2 ] DEBUG Engine               - class com.almasb.fxgl.localization.LocalizationService
15:19:16.153 [FXGL Background Thread 2 ] DEBUG Engine               - class com.almasb.fxgl.app.services.AssetLoaderService
15:19:16.153 [FXGL Background Thread 2 ] DEBUG Engine               - class com.almasb.fxgl.app.services.SystemBundleService
15:19:16.153 [FXGL Background Thread 2 ] DEBUG Engine               - class com.almasb.fxgl.profile.SaveLoadService
15:19:16.153 [FXGL Background Thread 2 ] DEBUG Engine               - class com.almasb.fxgl.ui.FXGLUIFactoryServiceProvider
15:19:16.153 [FXGL Background Thread 2 ] DEBUG Engine               - class com.almasb.fxgl.ui.FXGLDialogFactoryServiceProvider
15:19:16.153 [FXGL Background Thread 2 ] DEBUG Engine               - class com.almasb.fxgl.audio.AudioPlayer
15:19:16.153 [FXGL Background Thread 2 ] DEBUG Engine               - class com.almasb.fxgl.notification.impl.NotificationServiceProvider
15:19:16.154 [FXGL Background Thread 2 ] DEBUG Engine               - class com.almasb.fxgl.achievement.AchievementService
15:19:16.154 [FXGL Background Thread 2 ] DEBUG Engine               - class com.almasb.fxgl.cutscene.CutsceneService
15:19:16.154 [FXGL Background Thread 2 ] DEBUG Engine               - class com.almasb.fxgl.minigames.MiniGameService
15:19:16.154 [FXGL Background Thread 2 ] DEBUG Engine               - class com.almasb.fxgl.net.NetService
15:19:16.154 [FXGL Background Thread 2 ] DEBUG Engine               - class com.almasb.fxgl.app.services.UpdaterService
15:19:54.595 [JavaFX Application Thread] DEBUG GameApplication      - Exiting FXGL
15:19:54.595 [JavaFX Application Thread] DEBUG LoopRunner           - Stopping loop
15:19:54.596 [JavaFX Application Thread] DEBUG SystemBundleService  - Saving FXGL system data
15:19:54.599 [JavaFX Application Thread] DEBUG FileSystemAccess     - Writing to: /home/leo/Projects/capybaras/week-3/day-13/pong/system/fxgl.bundle
15:19:54.607 [JavaFX Application Thread] DEBUG GameApplication      - Shutting down background threads
15:19:54.608 [JavaFX Application Thread] DEBUG GameApplication      - Closing logger and exiting JavaFX
